{"/home/travis/build/npmtest/node-npmtest-intl-tel-input/test.js":{"path":"/home/travis/build/npmtest/node-npmtest-intl-tel-input/test.js","s":{"1":2,"2":2,"3":2,"4":2,"5":2,"6":2,"7":2,"8":1,"9":2,"10":2,"11":1,"12":1,"13":1,"14":1,"15":2,"16":2,"17":2,"18":2,"19":1,"20":1,"21":2,"22":2,"23":2,"24":1,"25":1,"26":1,"27":1,"28":1,"29":1,"30":1,"31":1,"32":1,"33":1,"34":1,"35":1,"36":1,"37":1,"38":1,"39":2,"40":2,"41":1,"42":2,"43":2,"44":1,"45":2,"46":2,"47":1,"48":2,"49":2,"50":1,"51":1,"52":1,"53":1,"54":1},"b":{"1":[2,1,1,1],"2":[1,1,1,1],"3":[1,1],"4":[1,1],"5":[1,1],"6":[1,1],"7":[1,1],"8":[1,1],"9":[1,1],"10":[1,1,1],"11":[1,1],"12":[1,1],"13":[1,1],"14":[1,1],"15":[1,1],"16":[1,1],"17":[1,1]},"f":{"1":2,"2":2,"3":2,"4":2,"5":2,"6":1,"7":1,"8":1,"9":2,"10":2,"11":2,"12":2,"13":1},"fnMap":{"1":{"name":"(anonymous_1)","line":12,"loc":{"start":{"line":12,"column":1},"end":{"line":12,"column":13}}},"2":{"name":"(anonymous_2)","line":19,"loc":{"start":{"line":19,"column":5},"end":{"line":19,"column":17}}},"3":{"name":"(anonymous_3)","line":23,"loc":{"start":{"line":23,"column":24},"end":{"line":23,"column":36}}},"4":{"name":"(anonymous_4)","line":61,"loc":{"start":{"line":61,"column":5},"end":{"line":61,"column":17}}},"5":{"name":"(anonymous_5)","line":82,"loc":{"start":{"line":82,"column":5},"end":{"line":82,"column":17}}},"6":{"name":"(anonymous_6)","line":91,"loc":{"start":{"line":91,"column":77},"end":{"line":94,"column":10}}},"7":{"name":"(anonymous_7)","line":112,"loc":{"start":{"line":112,"column":83},"end":{"line":115,"column":10}},"skip":true},"8":{"name":"(anonymous_8)","line":123,"loc":{"start":{"line":123,"column":77},"end":{"line":126,"column":10}},"skip":true},"9":{"name":"(anonymous_9)","line":139,"loc":{"start":{"line":139,"column":12},"end":{"line":139,"column":40}},"skip":true},"10":{"name":"(anonymous_10)","line":147,"loc":{"start":{"line":147,"column":77},"end":{"line":150,"column":10}},"skip":true},"11":{"name":"(anonymous_11)","line":158,"loc":{"start":{"line":158,"column":83},"end":{"line":161,"column":10}},"skip":true},"12":{"name":"(anonymous_12)","line":169,"loc":{"start":{"line":169,"column":79},"end":{"line":172,"column":10}},"skip":true},"13":{"name":"(anonymous_13)","line":180,"loc":{"start":{"line":180,"column":75},"end":{"line":183,"column":10}},"skip":true}},"statementMap":{"1":{"start":{"line":12,"column":0},"end":{"line":195,"column":5}},"2":{"start":{"line":14,"column":4},"end":{"line":14,"column":14}},"3":{"start":{"line":19,"column":4},"end":{"line":56,"column":9}},"4":{"start":{"line":21,"column":8},"end":{"line":21,"column":19}},"5":{"start":{"line":23,"column":8},"end":{"line":35,"column":13}},"6":{"start":{"line":24,"column":12},"end":{"line":34,"column":13}},"7":{"start":{"line":25,"column":16},"end":{"line":28,"column":30}},"8":{"start":{"line":30,"column":16},"end":{"line":33,"column":27}},"9":{"start":{"line":37,"column":8},"end":{"line":39,"column":21}},"10":{"start":{"line":40,"column":8},"end":{"line":53,"column":9}},"11":{"start":{"line":43,"column":12},"end":{"line":46,"column":14}},"12":{"start":{"line":47,"column":12},"end":{"line":47,"column":18}},"13":{"start":{"line":50,"column":12},"end":{"line":51,"column":33}},"14":{"start":{"line":52,"column":12},"end":{"line":52,"column":18}},"15":{"start":{"line":55,"column":8},"end":{"line":55,"column":35}},"16":{"start":{"line":61,"column":4},"end":{"line":63,"column":9}},"17":{"start":{"line":62,"column":8},"end":{"line":62,"column":15}},"18":{"start":{"line":64,"column":4},"end":{"line":77,"column":5}},"19":{"start":{"line":70,"column":8},"end":{"line":70,"column":14}},"20":{"start":{"line":76,"column":8},"end":{"line":76,"column":14}},"21":{"start":{"line":82,"column":4},"end":{"line":84,"column":9}},"22":{"start":{"line":83,"column":8},"end":{"line":83,"column":15}},"23":{"start":{"line":85,"column":4},"end":{"line":194,"column":5}},"24":{"start":{"line":91,"column":8},"end":{"line":99,"column":10}},"25":{"start":{"line":98,"column":12},"end":{"line":98,"column":35}},"26":{"start":{"line":102,"column":8},"end":{"line":104,"column":63}},"27":{"start":{"line":105,"column":8},"end":{"line":105,"column":14}},"28":{"start":{"line":112,"column":8},"end":{"line":121,"column":10},"skip":true},"29":{"start":{"line":119,"column":12},"end":{"line":119,"column":55},"skip":true},"30":{"start":{"line":120,"column":12},"end":{"line":120,"column":48},"skip":true},"31":{"start":{"line":123,"column":8},"end":{"line":136,"column":10},"skip":true},"32":{"start":{"line":130,"column":12},"end":{"line":130,"column":76},"skip":true},"33":{"start":{"line":131,"column":12},"end":{"line":131,"column":73},"skip":true},"34":{"start":{"line":132,"column":12},"end":{"line":132,"column":74},"skip":true},"35":{"start":{"line":133,"column":12},"end":{"line":133,"column":79},"skip":true},"36":{"start":{"line":134,"column":12},"end":{"line":134,"column":25},"skip":true},"37":{"start":{"line":135,"column":12},"end":{"line":135,"column":45},"skip":true},"38":{"start":{"line":138,"column":8},"end":{"line":145,"column":14},"skip":true},"39":{"start":{"line":143,"column":16},"end":{"line":143,"column":29},"skip":true},"40":{"start":{"line":144,"column":16},"end":{"line":144,"column":55},"skip":true},"41":{"start":{"line":147,"column":8},"end":{"line":156,"column":10},"skip":true},"42":{"start":{"line":154,"column":12},"end":{"line":154,"column":25},"skip":true},"43":{"start":{"line":155,"column":12},"end":{"line":155,"column":45},"skip":true},"44":{"start":{"line":158,"column":8},"end":{"line":167,"column":10},"skip":true},"45":{"start":{"line":165,"column":12},"end":{"line":165,"column":25},"skip":true},"46":{"start":{"line":166,"column":12},"end":{"line":166,"column":48},"skip":true},"47":{"start":{"line":169,"column":8},"end":{"line":178,"column":10},"skip":true},"48":{"start":{"line":176,"column":12},"end":{"line":176,"column":25},"skip":true},"49":{"start":{"line":177,"column":12},"end":{"line":177,"column":46},"skip":true},"50":{"start":{"line":180,"column":8},"end":{"line":189,"column":10},"skip":true},"51":{"start":{"line":187,"column":12},"end":{"line":187,"column":94},"skip":true},"52":{"start":{"line":188,"column":12},"end":{"line":188,"column":48},"skip":true},"53":{"start":{"line":192,"column":8},"end":{"line":192,"column":35},"skip":true},"54":{"start":{"line":193,"column":8},"end":{"line":193,"column":14},"skip":true}},"branchMap":{"1":{"line":25,"type":"binary-expr","locations":[{"start":{"line":25,"column":23},"end":{"line":25,"column":62}},{"start":{"line":26,"column":20},"end":{"line":26,"column":70}},{"start":{"line":27,"column":20},"end":{"line":27,"column":71}},{"start":{"line":28,"column":20},"end":{"line":28,"column":29}}]},"2":{"line":30,"type":"binary-expr","locations":[{"start":{"line":30,"column":23},"end":{"line":30,"column":37}},{"start":{"line":31,"column":20},"end":{"line":31,"column":61}},{"start":{"line":32,"column":20},"end":{"line":32,"column":70}},{"start":{"line":33,"column":20},"end":{"line":33,"column":26}}]},"3":{"line":37,"type":"cond-expr","locations":[{"start":{"line":38,"column":14},"end":{"line":38,"column":20}},{"start":{"line":39,"column":14},"end":{"line":39,"column":20}}]},"4":{"line":40,"type":"switch","locations":[{"start":{"line":42,"column":8},"end":{"line":47,"column":18}},{"start":{"line":49,"column":8},"end":{"line":52,"column":18}}]},"5":{"line":44,"type":"binary-expr","locations":[{"start":{"line":44,"column":16},"end":{"line":44,"column":44}},{"start":{"line":44,"column":48},"end":{"line":44,"column":66}}]},"6":{"line":50,"type":"binary-expr","locations":[{"start":{"line":50,"column":21},"end":{"line":50,"column":49}},{"start":{"line":50,"column":53},"end":{"line":50,"column":72}}]},"7":{"line":64,"type":"switch","locations":[{"start":{"line":69,"column":4},"end":{"line":70,"column":14}},{"start":{"line":75,"column":4},"end":{"line":76,"column":14}}]},"8":{"line":85,"type":"switch","locations":[{"start":{"line":90,"column":4},"end":{"line":105,"column":14}},{"start":{"line":111,"column":4},"end":{"line":193,"column":14},"skip":true}]},"9":{"line":91,"type":"binary-expr","locations":[{"start":{"line":91,"column":42},"end":{"line":91,"column":73}},{"start":{"line":91,"column":77},"end":{"line":99,"column":9}}]},"10":{"line":102,"type":"binary-expr","locations":[{"start":{"line":102,"column":18},"end":{"line":102,"column":32}},{"start":{"line":103,"column":12},"end":{"line":103,"column":53}},{"start":{"line":104,"column":12},"end":{"line":104,"column":61}}]},"11":{"line":112,"type":"binary-expr","locations":[{"start":{"line":112,"column":45},"end":{"line":112,"column":79},"skip":true},{"start":{"line":112,"column":83},"end":{"line":121,"column":9},"skip":true}]},"12":{"line":123,"type":"binary-expr","locations":[{"start":{"line":123,"column":42},"end":{"line":123,"column":73},"skip":true},{"start":{"line":123,"column":77},"end":{"line":136,"column":9},"skip":true}]},"13":{"line":138,"type":"binary-expr","locations":[{"start":{"line":138,"column":48},"end":{"line":138,"column":85},"skip":true},{"start":{"line":139,"column":12},"end":{"line":145,"column":13},"skip":true}]},"14":{"line":147,"type":"binary-expr","locations":[{"start":{"line":147,"column":42},"end":{"line":147,"column":73},"skip":true},{"start":{"line":147,"column":77},"end":{"line":156,"column":9},"skip":true}]},"15":{"line":158,"type":"binary-expr","locations":[{"start":{"line":158,"column":45},"end":{"line":158,"column":79},"skip":true},{"start":{"line":158,"column":83},"end":{"line":167,"column":9},"skip":true}]},"16":{"line":169,"type":"binary-expr","locations":[{"start":{"line":169,"column":43},"end":{"line":169,"column":75},"skip":true},{"start":{"line":169,"column":79},"end":{"line":178,"column":9},"skip":true}]},"17":{"line":180,"type":"binary-expr","locations":[{"start":{"line":180,"column":41},"end":{"line":180,"column":71},"skip":true},{"start":{"line":180,"column":75},"end":{"line":189,"column":9},"skip":true}]}},"code":["/* istanbul instrument in package npmtest_intl_tel_input */","/*jslint","    bitwise: true,","    browser: true,","    maxerr: 8,","    maxlen: 96,","    node: true,","    nomen: true,","    regexp: true,","    stupid: true","*/","(function () {","    'use strict';","    var local;","","","","    // run shared js-env code - init-before","    (function () {","        // init local","        local = {};","        // init modeJs","        local.modeJs = (function () {","            try {","                return typeof navigator.userAgent === 'string' &&","                    typeof document.querySelector('body') === 'object' &&","                    typeof XMLHttpRequest.prototype.open === 'function' &&","                    'browser';","            } catch (errorCaughtBrowser) {","                return module.exports &&","                    typeof process.versions.node === 'string' &&","                    typeof require('http').createServer === 'function' &&","                    'node';","            }","        }());","        // init global","        local.global = local.modeJs === 'browser'","            ? window","            : global;","        switch (local.modeJs) {","        // re-init local from window.local","        case 'browser':","            local = local.global.utility2.objectSetDefault(","                local.global.utility2_rollup || local.global.local,","                local.global.utility2","            );","            break;","        // re-init local from example.js","        case 'node':","            local = (local.global.utility2_rollup || require('utility2'))","                .requireReadme();","            break;","        }","        // export local","        local.global.local = local;","    }());","","","","    // run shared js-env code - function","    (function () {","        return;","    }());","    switch (local.modeJs) {","","","","    // run browser js-env code - function","    case 'browser':","        break;","","","","    // run node js-env code - function","    case 'node':","        break;","    }","","","","    // run shared js-env code - init-after","    (function () {","        return;","    }());","    switch (local.modeJs) {","","","","    // run browser js-env code - init-after","    case 'browser':","        local.testCase_browser_nullCase = local.testCase_browser_nullCase || function (","            options,","            onError","        ) {","        /*","         * this function will test browsers's null-case handling-behavior-behavior","         */","            onError(null, options);","        };","","        // run tests","        local.nop(local.modeTest &&","            document.querySelector('#testRunButton1') &&","            document.querySelector('#testRunButton1').click());","        break;","","","","    // run node js-env code - init-after","    /* istanbul ignore next */","    case 'node':","        local.testCase_buildApidoc_default = local.testCase_buildApidoc_default || function (","            options,","            onError","        ) {","        /*","         * this function will test buildApidoc's default handling-behavior-behavior","         */","            options = { modulePathList: module.paths };","            local.buildApidoc(options, onError);","        };","","        local.testCase_buildApp_default = local.testCase_buildApp_default || function (","            options,","            onError","        ) {","        /*","         * this function will test buildApp's default handling-behavior-behavior","         */","            local.testCase_buildReadme_default(options, local.onErrorThrow);","            local.testCase_buildLib_default(options, local.onErrorThrow);","            local.testCase_buildTest_default(options, local.onErrorThrow);","            local.testCase_buildCustomOrg_default(options, local.onErrorThrow);","            options = [];","            local.buildApp(options, onError);","        };","","        local.testCase_buildCustomOrg_default = local.testCase_buildCustomOrg_default ||","            function (options, onError) {","            /*","             * this function will test buildCustomOrg's default handling-behavior","             */","                options = {};","                local.buildCustomOrg(options, onError);","            };","","        local.testCase_buildLib_default = local.testCase_buildLib_default || function (","            options,","            onError","        ) {","        /*","         * this function will test buildLib's default handling-behavior","         */","            options = {};","            local.buildLib(options, onError);","        };","","        local.testCase_buildReadme_default = local.testCase_buildReadme_default || function (","            options,","            onError","        ) {","        /*","         * this function will test buildReadme's default handling-behavior-behavior","         */","            options = {};","            local.buildReadme(options, onError);","        };","","        local.testCase_buildTest_default = local.testCase_buildTest_default || function (","            options,","            onError","        ) {","        /*","         * this function will test buildTest's default handling-behavior","         */","            options = {};","            local.buildTest(options, onError);","        };","","        local.testCase_webpage_default = local.testCase_webpage_default || function (","            options,","            onError","        ) {","        /*","         * this function will test webpage's default handling-behavior","         */","            options = { modeCoverageMerge: true, url: local.serverLocalHost + '?modeTest=1' };","            local.browserTest(options, onError);","        };","","        // run test-server","        local.testRunServer(local);","        break;","    }","}());",""],"l":{"12":2,"14":2,"19":2,"21":2,"23":2,"24":2,"25":2,"30":1,"37":2,"40":2,"43":1,"47":1,"50":1,"52":1,"55":2,"61":2,"62":2,"64":2,"70":1,"76":1,"82":2,"83":2,"85":2,"91":1,"98":1,"102":1,"105":1,"112":1,"119":1,"120":1,"123":1,"130":1,"131":1,"132":1,"133":1,"134":1,"135":1,"138":1,"143":2,"144":2,"147":1,"154":2,"155":2,"158":1,"165":2,"166":2,"169":1,"176":2,"177":2,"180":1,"187":1,"188":1,"192":1,"193":1}},"/home/travis/build/npmtest/node-npmtest-intl-tel-input/lib.npmtest_intl_tel_input.js":{"path":"/home/travis/build/npmtest/node-npmtest-intl-tel-input/lib.npmtest_intl_tel_input.js","s":{"1":2,"2":2,"3":2,"4":2,"5":2,"6":2,"7":2,"8":1,"9":2,"10":2,"11":2,"12":2,"13":1,"14":1,"15":1,"16":1},"b":{"1":[2,1,1,1],"2":[1,1,1,1],"3":[1,1],"4":[2,2],"5":[1,1]},"f":{"1":2,"2":2,"3":2},"fnMap":{"1":{"name":"(anonymous_1)","line":12,"loc":{"start":{"line":12,"column":1},"end":{"line":12,"column":13}}},"2":{"name":"(anonymous_2)","line":19,"loc":{"start":{"line":19,"column":5},"end":{"line":19,"column":17}}},"3":{"name":"(anonymous_3)","line":23,"loc":{"start":{"line":23,"column":24},"end":{"line":23,"column":36}}}},"statementMap":{"1":{"start":{"line":12,"column":0},"end":{"line":53,"column":5}},"2":{"start":{"line":14,"column":4},"end":{"line":14,"column":14}},"3":{"start":{"line":19,"column":4},"end":{"line":52,"column":9}},"4":{"start":{"line":21,"column":8},"end":{"line":21,"column":19}},"5":{"start":{"line":23,"column":8},"end":{"line":35,"column":13}},"6":{"start":{"line":24,"column":12},"end":{"line":34,"column":13}},"7":{"start":{"line":25,"column":16},"end":{"line":28,"column":30}},"8":{"start":{"line":30,"column":16},"end":{"line":33,"column":27}},"9":{"start":{"line":37,"column":8},"end":{"line":39,"column":21}},"10":{"start":{"line":41,"column":8},"end":{"line":41,"column":54}},"11":{"start":{"line":43,"column":8},"end":{"line":43,"column":59}},"12":{"start":{"line":45,"column":8},"end":{"line":51,"column":9}},"13":{"start":{"line":46,"column":12},"end":{"line":46,"column":65}},"14":{"start":{"line":48,"column":12},"end":{"line":48,"column":35}},"15":{"start":{"line":49,"column":12},"end":{"line":49,"column":49}},"16":{"start":{"line":50,"column":12},"end":{"line":50,"column":43}}},"branchMap":{"1":{"line":25,"type":"binary-expr","locations":[{"start":{"line":25,"column":23},"end":{"line":25,"column":62}},{"start":{"line":26,"column":20},"end":{"line":26,"column":70}},{"start":{"line":27,"column":20},"end":{"line":27,"column":71}},{"start":{"line":28,"column":20},"end":{"line":28,"column":29}}]},"2":{"line":30,"type":"binary-expr","locations":[{"start":{"line":30,"column":23},"end":{"line":30,"column":37}},{"start":{"line":31,"column":20},"end":{"line":31,"column":61}},{"start":{"line":32,"column":20},"end":{"line":32,"column":70}},{"start":{"line":33,"column":20},"end":{"line":33,"column":26}}]},"3":{"line":37,"type":"cond-expr","locations":[{"start":{"line":38,"column":14},"end":{"line":38,"column":20}},{"start":{"line":39,"column":14},"end":{"line":39,"column":20}}]},"4":{"line":41,"type":"binary-expr","locations":[{"start":{"line":41,"column":16},"end":{"line":41,"column":44}},{"start":{"line":41,"column":48},"end":{"line":41,"column":53}}]},"5":{"line":45,"type":"if","locations":[{"start":{"line":45,"column":8},"end":{"line":45,"column":8}},{"start":{"line":45,"column":8},"end":{"line":45,"column":8}}]}},"code":["/* istanbul instrument in package npmtest_intl_tel_input */","/*jslint","    bitwise: true,","    browser: true,","    maxerr: 8,","    maxlen: 96,","    node: true,","    nomen: true,","    regexp: true,","    stupid: true","*/","(function () {","    'use strict';","    var local;","","","","    // run shared js-env code - init-before","    (function () {","        // init local","        local = {};","        // init modeJs","        local.modeJs = (function () {","            try {","                return typeof navigator.userAgent === 'string' &&","                    typeof document.querySelector('body') === 'object' &&","                    typeof XMLHttpRequest.prototype.open === 'function' &&","                    'browser';","            } catch (errorCaughtBrowser) {","                return module.exports &&","                    typeof process.versions.node === 'string' &&","                    typeof require('http').createServer === 'function' &&","                    'node';","            }","        }());","        // init global","        local.global = local.modeJs === 'browser'","            ? window","            : global;","        // init utility2_rollup","        local = local.global.utility2_rollup || local;","        // init lib","        local.local = local.npmtest_intl_tel_input = local;","        // init exports","        if (local.modeJs === 'browser') {","            local.global.utility2_npmtest_intl_tel_input = local;","        } else {","            module.exports = local;","            module.exports.__dirname = __dirname;","            module.exports.module = module;","        }","    }());","}());",""],"l":{"12":2,"14":2,"19":2,"21":2,"23":2,"24":2,"25":2,"30":1,"37":2,"41":2,"43":2,"45":2,"46":1,"48":1,"49":1,"50":1}},"/home/travis/build/npmtest/node-npmtest-intl-tel-input/example.js":{"path":"/home/travis/build/npmtest/node-npmtest-intl-tel-input/example.js","s":{"1":2,"2":2,"3":2,"4":2,"5":2,"6":2,"7":2,"8":1,"9":2,"10":2,"11":2,"12":2,"13":1,"14":2,"15":2,"16":2,"17":2,"18":2,"19":0,"20":2,"21":1,"22":1,"23":1,"24":1,"25":1,"26":0,"27":0,"28":1,"29":1,"30":2,"31":0,"32":0,"33":0,"34":1,"35":2,"36":2,"37":3,"38":3,"39":3,"40":3,"41":0,"42":3,"43":3,"44":3,"45":1,"46":3,"47":1,"48":1,"49":1,"50":1,"51":1,"52":1,"53":1,"54":1,"55":1,"56":1,"57":0,"58":1,"59":6,"60":6,"61":1,"62":2,"63":0,"64":2,"65":1,"66":1,"67":0,"68":0,"69":0,"70":0,"71":0,"72":0,"73":0,"74":0,"75":0,"76":0,"77":0,"78":0,"79":0,"80":0,"81":0,"82":0,"83":0},"b":{"1":[2,1,1,1],"2":[1,1,1,1],"3":[1,1],"4":[2,2],"5":[1,1],"6":[1,1],"7":[2,0],"8":[2,1,1,1,1,1],"9":[0,2,0],"10":[1,1],"11":[2,1,1],"12":[1,0],"13":[0,2],"14":[2,0,0,0,0,0,0],"15":[0,3],"16":[3,0],"17":[1,1],"18":[0,1],"19":[1,2,0,2],"20":[1,0],"21":[1,1],"22":[0,0],"23":[0,0],"24":[0,0],"25":[0,0],"26":[0,0],"27":[0,0],"28":[0,0]},"f":{"1":2,"2":2,"3":2,"4":2,"5":2,"6":2,"7":3,"8":3,"9":3,"10":1,"11":6,"12":0},"fnMap":{"1":{"name":"(anonymous_1)","line":26,"loc":{"start":{"line":26,"column":1},"end":{"line":26,"column":13}}},"2":{"name":"(anonymous_2)","line":33,"loc":{"start":{"line":33,"column":5},"end":{"line":33,"column":17}}},"3":{"name":"(anonymous_3)","line":37,"loc":{"start":{"line":37,"column":24},"end":{"line":37,"column":36}}},"4":{"name":"(anonymous_4)","line":69,"loc":{"start":{"line":69,"column":31},"end":{"line":69,"column":48}},"skip":true},"5":{"name":"(anonymous_5)","line":78,"loc":{"start":{"line":78,"column":26},"end":{"line":78,"column":45}},"skip":true},"6":{"name":"(anonymous_6)","line":123,"loc":{"start":{"line":123,"column":33},"end":{"line":123,"column":48}},"skip":true},"7":{"name":"(anonymous_7)","line":125,"loc":{"start":{"line":125,"column":27},"end":{"line":125,"column":39}},"skip":true},"8":{"name":"(anonymous_8)","line":133,"loc":{"start":{"line":133,"column":59},"end":{"line":133,"column":74}},"skip":true},"9":{"name":"(anonymous_9)","line":143,"loc":{"start":{"line":143,"column":45},"end":{"line":143,"column":62}},"skip":true},"10":{"name":"(anonymous_10)","line":144,"loc":{"start":{"line":144,"column":73},"end":{"line":144,"column":92}},"skip":true},"11":{"name":"(anonymous_11)","line":272,"loc":{"start":{"line":272,"column":51},"end":{"line":272,"column":77}},"skip":true},"12":{"name":"(anonymous_12)","line":315,"loc":{"start":{"line":315,"column":32},"end":{"line":315,"column":61}},"skip":true}},"statementMap":{"1":{"start":{"line":26,"column":0},"end":{"line":326,"column":5}},"2":{"start":{"line":28,"column":4},"end":{"line":28,"column":14}},"3":{"start":{"line":33,"column":4},"end":{"line":60,"column":9}},"4":{"start":{"line":35,"column":8},"end":{"line":35,"column":19}},"5":{"start":{"line":37,"column":8},"end":{"line":49,"column":13}},"6":{"start":{"line":38,"column":12},"end":{"line":48,"column":13}},"7":{"start":{"line":39,"column":16},"end":{"line":42,"column":30}},"8":{"start":{"line":44,"column":16},"end":{"line":47,"column":27}},"9":{"start":{"line":51,"column":8},"end":{"line":53,"column":21}},"10":{"start":{"line":55,"column":8},"end":{"line":57,"column":45}},"11":{"start":{"line":59,"column":8},"end":{"line":59,"column":35}},"12":{"start":{"line":61,"column":4},"end":{"line":325,"column":5}},"13":{"start":{"line":69,"column":8},"end":{"line":121,"column":10},"skip":true},"14":{"start":{"line":70,"column":12},"end":{"line":88,"column":13},"skip":true},"15":{"start":{"line":76,"column":16},"end":{"line":87,"column":19},"skip":true},"16":{"start":{"line":79,"column":20},"end":{"line":86,"column":21},"skip":true},"17":{"start":{"line":82,"column":24},"end":{"line":82,"column":43},"skip":true},"18":{"start":{"line":83,"column":24},"end":{"line":83,"column":30},"skip":true},"19":{"start":{"line":85,"column":24},"end":{"line":85,"column":49},"skip":true},"20":{"start":{"line":89,"column":12},"end":{"line":107,"column":13},"skip":true},"21":{"start":{"line":92,"column":16},"end":{"line":102,"column":17},"skip":true},"22":{"start":{"line":93,"column":20},"end":{"line":93,"column":86},"skip":true},"23":{"start":{"line":94,"column":20},"end":{"line":95,"column":45},"skip":true},"24":{"start":{"line":96,"column":20},"end":{"line":96,"column":42},"skip":true},"25":{"start":{"line":97,"column":20},"end":{"line":97,"column":48},"skip":true},"26":{"start":{"line":100,"column":20},"end":{"line":100,"column":85},"skip":true},"27":{"start":{"line":101,"column":20},"end":{"line":101,"column":96},"skip":true},"28":{"start":{"line":103,"column":16},"end":{"line":103,"column":22},"skip":true},"29":{"start":{"line":106,"column":16},"end":{"line":106,"column":22},"skip":true},"30":{"start":{"line":108,"column":12},"end":{"line":120,"column":13},"skip":true},"31":{"start":{"line":114,"column":16},"end":{"line":119,"column":17},"skip":true},"32":{"start":{"line":116,"column":20},"end":{"line":116,"column":78},"skip":true},"33":{"start":{"line":118,"column":20},"end":{"line":118,"column":47},"skip":true},"34":{"start":{"line":123,"column":8},"end":{"line":141,"column":11},"skip":true},"35":{"start":{"line":124,"column":12},"end":{"line":124,"column":54},"skip":true},"36":{"start":{"line":125,"column":12},"end":{"line":140,"column":14},"skip":true},"37":{"start":{"line":126,"column":16},"end":{"line":126,"column":28},"skip":true},"38":{"start":{"line":127,"column":16},"end":{"line":127,"column":69},"skip":true},"39":{"start":{"line":128,"column":16},"end":{"line":128,"column":75},"skip":true},"40":{"start":{"line":129,"column":16},"end":{"line":131,"column":17},"skip":true},"41":{"start":{"line":130,"column":20},"end":{"line":130,"column":27},"skip":true},"42":{"start":{"line":133,"column":16},"end":{"line":137,"column":36},"skip":true},"43":{"start":{"line":134,"column":20},"end":{"line":136,"column":55},"skip":true},"44":{"start":{"line":139,"column":16},"end":{"line":139,"column":57},"skip":true},"45":{"start":{"line":143,"column":8},"end":{"line":147,"column":11},"skip":true},"46":{"start":{"line":144,"column":12},"end":{"line":146,"column":15},"skip":true},"47":{"start":{"line":145,"column":16},"end":{"line":145,"column":70},"skip":true},"48":{"start":{"line":149,"column":8},"end":{"line":149,"column":31},"skip":true},"49":{"start":{"line":150,"column":8},"end":{"line":150,"column":14},"skip":true},"50":{"start":{"line":158,"column":8},"end":{"line":158,"column":31},"skip":true},"51":{"start":{"line":160,"column":8},"end":{"line":160,"column":33},"skip":true},"52":{"start":{"line":161,"column":8},"end":{"line":161,"column":37},"skip":true},"53":{"start":{"line":162,"column":8},"end":{"line":162,"column":35},"skip":true},"54":{"start":{"line":164,"column":8},"end":{"line":164,"column":50},"skip":true},"55":{"start":{"line":166,"column":8},"end":{"line":256,"column":2},"skip":true},"56":{"start":{"line":258,"column":8},"end":{"line":286,"column":9},"skip":true},"57":{"start":{"line":259,"column":12},"end":{"line":269,"column":14},"skip":true},"58":{"start":{"line":271,"column":12},"end":{"line":285,"column":19},"skip":true},"59":{"start":{"line":274,"column":20},"end":{"line":274,"column":35},"skip":true},"60":{"start":{"line":275,"column":20},"end":{"line":284,"column":21},"skip":true},"61":{"start":{"line":277,"column":24},"end":{"line":277,"column":64},"skip":true},"62":{"start":{"line":279,"column":24},"end":{"line":279,"column":40},"skip":true},"63":{"start":{"line":281,"column":24},"end":{"line":281,"column":40},"skip":true},"64":{"start":{"line":283,"column":24},"end":{"line":283,"column":39},"skip":true},"65":{"start":{"line":288,"column":8},"end":{"line":290,"column":9},"skip":true},"66":{"start":{"line":289,"column":12},"end":{"line":289,"column":18},"skip":true},"67":{"start":{"line":291,"column":8},"end":{"line":293,"column":54},"skip":true},"68":{"start":{"line":296,"column":8},"end":{"line":301,"column":37},"skip":true},"69":{"start":{"line":303,"column":8},"end":{"line":303,"column":82},"skip":true},"70":{"start":{"line":306,"column":8},"end":{"line":308,"column":9},"skip":true},"71":{"start":{"line":307,"column":12},"end":{"line":307,"column":82},"skip":true},"72":{"start":{"line":310,"column":8},"end":{"line":312,"column":9},"skip":true},"73":{"start":{"line":311,"column":12},"end":{"line":311,"column":18},"skip":true},"74":{"start":{"line":313,"column":8},"end":{"line":313,"column":54},"skip":true},"75":{"start":{"line":314,"column":8},"end":{"line":314,"column":69},"skip":true},"76":{"start":{"line":315,"column":8},"end":{"line":323,"column":36},"skip":true},"77":{"start":{"line":316,"column":12},"end":{"line":316,"column":61},"skip":true},"78":{"start":{"line":317,"column":12},"end":{"line":320,"column":13},"skip":true},"79":{"start":{"line":318,"column":16},"end":{"line":318,"column":75},"skip":true},"80":{"start":{"line":319,"column":16},"end":{"line":319,"column":23},"skip":true},"81":{"start":{"line":321,"column":12},"end":{"line":321,"column":38},"skip":true},"82":{"start":{"line":322,"column":12},"end":{"line":322,"column":27},"skip":true},"83":{"start":{"line":324,"column":8},"end":{"line":324,"column":14},"skip":true}},"branchMap":{"1":{"line":39,"type":"binary-expr","locations":[{"start":{"line":39,"column":23},"end":{"line":39,"column":62}},{"start":{"line":40,"column":20},"end":{"line":40,"column":70}},{"start":{"line":41,"column":20},"end":{"line":41,"column":71}},{"start":{"line":42,"column":20},"end":{"line":42,"column":29}}]},"2":{"line":44,"type":"binary-expr","locations":[{"start":{"line":44,"column":23},"end":{"line":44,"column":37}},{"start":{"line":45,"column":20},"end":{"line":45,"column":61}},{"start":{"line":46,"column":20},"end":{"line":46,"column":70}},{"start":{"line":47,"column":20},"end":{"line":47,"column":26}}]},"3":{"line":51,"type":"cond-expr","locations":[{"start":{"line":52,"column":14},"end":{"line":52,"column":20}},{"start":{"line":53,"column":14},"end":{"line":53,"column":20}}]},"4":{"line":55,"type":"binary-expr","locations":[{"start":{"line":55,"column":16},"end":{"line":55,"column":44}},{"start":{"line":55,"column":49},"end":{"line":57,"column":43}}]},"5":{"line":55,"type":"cond-expr","locations":[{"start":{"line":56,"column":14},"end":{"line":56,"column":58}},{"start":{"line":57,"column":14},"end":{"line":57,"column":43}}]},"6":{"line":61,"type":"switch","locations":[{"start":{"line":68,"column":4},"end":{"line":150,"column":14},"skip":true},{"start":{"line":156,"column":4},"end":{"line":324,"column":14},"skip":true}]},"7":{"line":70,"type":"if","locations":[{"start":{"line":70,"column":12},"end":{"line":70,"column":12},"skip":true},{"start":{"line":70,"column":12},"end":{"line":70,"column":12},"skip":true}]},"8":{"line":70,"type":"binary-expr","locations":[{"start":{"line":70,"column":16},"end":{"line":70,"column":22},"skip":true},{"start":{"line":70,"column":27},"end":{"line":70,"column":32},"skip":true},{"start":{"line":71,"column":20},"end":{"line":71,"column":39},"skip":true},{"start":{"line":72,"column":20},"end":{"line":72,"column":49},"skip":true},{"start":{"line":73,"column":20},"end":{"line":73,"column":58},"skip":true},{"start":{"line":74,"column":20},"end":{"line":74,"column":69},"skip":true}]},"9":{"line":79,"type":"switch","locations":[{"start":{"line":80,"column":20},"end":{"line":80,"column":33},"skip":true},{"start":{"line":81,"column":20},"end":{"line":83,"column":30},"skip":true},{"start":{"line":84,"column":20},"end":{"line":85,"column":49},"skip":true}]},"10":{"line":89,"type":"switch","locations":[{"start":{"line":90,"column":12},"end":{"line":103,"column":22},"skip":true},{"start":{"line":105,"column":12},"end":{"line":106,"column":22},"skip":true}]},"11":{"line":89,"type":"binary-expr","locations":[{"start":{"line":89,"column":20},"end":{"line":89,"column":25},"skip":true},{"start":{"line":89,"column":29},"end":{"line":89,"column":48},"skip":true},{"start":{"line":89,"column":52},"end":{"line":89,"column":74},"skip":true}]},"12":{"line":92,"type":"if","locations":[{"start":{"line":92,"column":16},"end":{"line":92,"column":16},"skip":true},{"start":{"line":92,"column":16},"end":{"line":92,"column":16},"skip":true}]},"13":{"line":108,"type":"if","locations":[{"start":{"line":108,"column":12},"end":{"line":108,"column":12},"skip":true},{"start":{"line":108,"column":12},"end":{"line":108,"column":12},"skip":true}]},"14":{"line":108,"type":"binary-expr","locations":[{"start":{"line":108,"column":16},"end":{"line":108,"column":61},"skip":true},{"start":{"line":108,"column":66},"end":{"line":108,"column":72},"skip":true},{"start":{"line":108,"column":77},"end":{"line":108,"column":82},"skip":true},{"start":{"line":109,"column":20},"end":{"line":109,"column":39},"skip":true},{"start":{"line":110,"column":20},"end":{"line":110,"column":49},"skip":true},{"start":{"line":111,"column":20},"end":{"line":111,"column":58},"skip":true},{"start":{"line":112,"column":20},"end":{"line":112,"column":68},"skip":true}]},"15":{"line":129,"type":"if","locations":[{"start":{"line":129,"column":16},"end":{"line":129,"column":16},"skip":true},{"start":{"line":129,"column":16},"end":{"line":129,"column":16},"skip":true}]},"16":{"line":134,"type":"cond-expr","locations":[{"start":{"line":135,"column":26},"end":{"line":135,"column":29},"skip":true},{"start":{"line":136,"column":26},"end":{"line":136,"column":54},"skip":true}]},"17":{"line":164,"type":"binary-expr","locations":[{"start":{"line":164,"column":27},"end":{"line":164,"column":43},"skip":true},{"start":{"line":164,"column":47},"end":{"line":164,"column":49},"skip":true}]},"18":{"line":258,"type":"if","locations":[{"start":{"line":258,"column":8},"end":{"line":258,"column":8},"skip":true},{"start":{"line":258,"column":8},"end":{"line":258,"column":8},"skip":true}]},"19":{"line":275,"type":"switch","locations":[{"start":{"line":276,"column":20},"end":{"line":277,"column":64},"skip":true},{"start":{"line":278,"column":20},"end":{"line":279,"column":40},"skip":true},{"start":{"line":280,"column":20},"end":{"line":281,"column":40},"skip":true},{"start":{"line":282,"column":20},"end":{"line":283,"column":39},"skip":true}]},"20":{"line":288,"type":"if","locations":[{"start":{"line":288,"column":8},"end":{"line":288,"column":8},"skip":true},{"start":{"line":288,"column":8},"end":{"line":288,"column":8},"skip":true}]},"21":{"line":288,"type":"binary-expr","locations":[{"start":{"line":288,"column":12},"end":{"line":288,"column":40},"skip":true},{"start":{"line":288,"column":44},"end":{"line":288,"column":67},"skip":true}]},"22":{"line":292,"type":"binary-expr","locations":[{"start":{"line":292,"column":12},"end":{"line":292,"column":50},"skip":true},{"start":{"line":293,"column":12},"end":{"line":293,"column":53},"skip":true}]},"23":{"line":297,"type":"binary-expr","locations":[{"start":{"line":297,"column":12},"end":{"line":297,"column":72},"skip":true},{"start":{"line":298,"column":12},"end":{"line":301,"column":36},"skip":true}]},"24":{"line":303,"type":"binary-expr","locations":[{"start":{"line":303,"column":43},"end":{"line":303,"column":75},"skip":true},{"start":{"line":303,"column":79},"end":{"line":303,"column":81},"skip":true}]},"25":{"line":306,"type":"if","locations":[{"start":{"line":306,"column":8},"end":{"line":306,"column":8},"skip":true},{"start":{"line":306,"column":8},"end":{"line":306,"column":8},"skip":true}]},"26":{"line":310,"type":"if","locations":[{"start":{"line":310,"column":8},"end":{"line":310,"column":8},"skip":true},{"start":{"line":310,"column":8},"end":{"line":310,"column":8},"skip":true}]},"27":{"line":313,"type":"binary-expr","locations":[{"start":{"line":313,"column":27},"end":{"line":313,"column":43},"skip":true},{"start":{"line":313,"column":47},"end":{"line":313,"column":53},"skip":true}]},"28":{"line":317,"type":"if","locations":[{"start":{"line":317,"column":12},"end":{"line":317,"column":12},"skip":true},{"start":{"line":317,"column":12},"end":{"line":317,"column":12},"skip":true}]}},"code":["/*","example.js","","quickstart example","","instruction","    1. save this script as example.js","    2. run the shell command:","        $ npm install npmtest-intl-tel-input && PORT=8081 node example.js","    3. play with the browser-demo on http://127.0.0.1:8081","*/","","","","/* istanbul instrument in package npmtest_intl_tel_input */","/*jslint","    bitwise: true,","    browser: true,","    maxerr: 8,","    maxlen: 96,","    node: true,","    nomen: true,","    regexp: true,","    stupid: true","*/","(function () {","    'use strict';","    var local;","","","","    // run shared js-env code - init-before","    (function () {","        // init local","        local = {};","        // init modeJs","        local.modeJs = (function () {","            try {","                return typeof navigator.userAgent === 'string' &&","                    typeof document.querySelector('body') === 'object' &&","                    typeof XMLHttpRequest.prototype.open === 'function' &&","                    'browser';","            } catch (errorCaughtBrowser) {","                return module.exports &&","                    typeof process.versions.node === 'string' &&","                    typeof require('http').createServer === 'function' &&","                    'node';","            }","        }());","        // init global","        local.global = local.modeJs === 'browser'","            ? window","            : global;","        // init utility2_rollup","        local = local.global.utility2_rollup || (local.modeJs === 'browser'","            ? local.global.utility2_npmtest_intl_tel_input","            : global.utility2_moduleExports);","        // export local","        local.global.local = local;","    }());","    switch (local.modeJs) {","","","","    // init-after","    // run browser js-env code - init-after","    /* istanbul ignore next */","    case 'browser':","        local.testRunBrowser = function (event) {","            if (!event || (event &&","                    event.currentTarget &&","                    event.currentTarget.className &&","                    event.currentTarget.className.includes &&","                    event.currentTarget.className.includes('onreset'))) {","                // reset output","                Array.from(","                    document.querySelectorAll('body > .resettable')","                ).forEach(function (element) {","                    switch (element.tagName) {","                    case 'INPUT':","                    case 'TEXTAREA':","                        element.value = '';","                        break;","                    default:","                        element.textContent = '';","                    }","                });","            }","            switch (event && event.currentTarget && event.currentTarget.id) {","            case 'testRunButton1':","                // show tests","                if (document.querySelector('#testReportDiv1').style.display === 'none') {","                    document.querySelector('#testReportDiv1').style.display = 'block';","                    document.querySelector('#testRunButton1').textContent =","                        'hide internal test';","                    local.modeTest = true;","                    local.testRunDefault(local);","                // hide tests","                } else {","                    document.querySelector('#testReportDiv1').style.display = 'none';","                    document.querySelector('#testRunButton1').textContent = 'run internal test';","                }","                break;","            // custom-case","            default:","                break;","            }","            if (document.querySelector('#inputTextareaEval1') && (!event || (event &&","                    event.currentTarget &&","                    event.currentTarget.className &&","                    event.currentTarget.className.includes &&","                    event.currentTarget.className.includes('oneval')))) {","                // try to eval input-code","                try {","                    /*jslint evil: true*/","                    eval(document.querySelector('#inputTextareaEval1').value);","                } catch (errorCaught) {","                    console.error(errorCaught);","                }","            }","        };","        // log stderr and stdout to #outputTextareaStdout1","        ['error', 'log'].forEach(function (key) {","            console[key + '_original'] = console[key];","            console[key] = function () {","                var element;","                console[key + '_original'].apply(console, arguments);","                element = document.querySelector('#outputTextareaStdout1');","                if (!element) {","                    return;","                }","                // append text to #outputTextareaStdout1","                element.value += Array.from(arguments).map(function (arg) {","                    return typeof arg === 'string'","                        ? arg","                        : JSON.stringify(arg, null, 4);","                }).join(' ') + '\\n';","                // scroll textarea to bottom","                element.scrollTop = element.scrollHeight;","            };","        });","        // init event-handling","        ['change', 'click', 'keyup'].forEach(function (event) {","            Array.from(document.querySelectorAll('.on' + event)).forEach(function (element) {","                element.addEventListener(event, local.testRunBrowser);","            });","        });","        // run tests","        local.testRunBrowser();","        break;","","","","    // run node js-env code - init-after","    /* istanbul ignore next */","    case 'node':","        // export local","        module.exports = local;","        // require modules","        local.fs = require('fs');","        local.http = require('http');","        local.url = require('url');","        // init assets","        local.assetsDict = local.assetsDict || {};","        /* jslint-ignore-begin */","        local.assetsDict['/assets.index.template.html'] = '\\","<!doctype html>\\n\\","<html lang=\"en\">\\n\\","<head>\\n\\","<meta charset=\"UTF-8\">\\n\\","<meta name=\"viewport\" content=\"width=device-width, initial-scale=1\">\\n\\","<title>{{env.npm_package_name}} (v{{env.npm_package_version}})</title>\\n\\","<style>\\n\\","/*csslint\\n\\","    box-sizing: false,\\n\\","    universal-selector: false\\n\\","*/\\n\\","* {\\n\\","    box-sizing: border-box;\\n\\","}\\n\\","body {\\n\\","    background: #dde;\\n\\","    font-family: Arial, Helvetica, sans-serif;\\n\\","    margin: 2rem;\\n\\","}\\n\\","body > * {\\n\\","    margin-bottom: 1rem;\\n\\","}\\n\\",".utility2FooterDiv {\\n\\","    margin-top: 20px;\\n\\","    text-align: center;\\n\\","}\\n\\","</style>\\n\\","<style>\\n\\","/*csslint\\n\\","*/\\n\\","textarea {\\n\\","    font-family: monospace;\\n\\","    height: 10rem;\\n\\","    width: 100%;\\n\\","}\\n\\","textarea[readonly] {\\n\\","    background: #ddd;\\n\\","}\\n\\","</style>\\n\\","</head>\\n\\","<body>\\n\\","<!-- utility2-comment\\n\\","<div id=\"ajaxProgressDiv1\" style=\"background: #d00; height: 2px; left: 0; margin: 0; padding: 0; position: fixed; top: 0; transition: background 0.5s, width 1.5s; width: 25%;\"></div>\\n\\","utility2-comment -->\\n\\","<h1>\\n\\","<!-- utility2-comment\\n\\","    <a\\n\\","        {{#if env.npm_package_homepage}}\\n\\","        href=\"{{env.npm_package_homepage}}\"\\n\\","        {{/if env.npm_package_homepage}}\\n\\","        target=\"_blank\"\\n\\","    >\\n\\","utility2-comment -->\\n\\","        {{env.npm_package_name}} (v{{env.npm_package_version}})\\n\\","<!-- utility2-comment\\n\\","    </a>\\n\\","utility2-comment -->\\n\\","</h1>\\n\\","<h3>{{env.npm_package_description}}</h3>\\n\\","<!-- utility2-comment\\n\\","<h4><a download href=\"assets.app.js\">download standalone app</a></h4>\\n\\","<button class=\"onclick onreset\" id=\"testRunButton1\">run internal test</button><br>\\n\\","<div id=\"testReportDiv1\" style=\"display: none;\"></div>\\n\\","utility2-comment -->\\n\\","\\n\\","\\n\\","\\n\\","<label>stderr and stdout</label>\\n\\","<textarea class=\"resettable\" id=\"outputTextareaStdout1\" readonly></textarea>\\n\\","<!-- utility2-comment\\n\\","{{#if isRollup}}\\n\\","<script src=\"assets.app.js\"></script>\\n\\","{{#unless isRollup}}\\n\\","utility2-comment -->\\n\\","<script src=\"assets.utility2.rollup.js\"></script>\\n\\","<script src=\"jsonp.utility2._stateInit?callback=window.utility2._stateInit\"></script>\\n\\","<script src=\"assets.npmtest_intl_tel_input.rollup.js\"></script>\\n\\","<script src=\"assets.example.js\"></script>\\n\\","<script src=\"assets.test.js\"></script>\\n\\","<!-- utility2-comment\\n\\","{{/if isRollup}}\\n\\","utility2-comment -->\\n\\","<div class=\"utility2FooterDiv\">\\n\\","    [ this app was created with\\n\\","    <a href=\"https://github.com/kaizhu256/node-utility2\" target=\"_blank\">utility2</a>\\n\\","    ]\\n\\","</div>\\n\\","</body>\\n\\","</html>\\n\\","';","        /* jslint-ignore-end */","        if (local.templateRender) {","            local.assetsDict['/'] = local.templateRender(","                local.assetsDict['/assets.index.template.html'],","                {","                    env: local.objectSetDefault(local.env, {","                        npm_package_description: 'the greatest app in the world!',","                        npm_package_name: 'my-app',","                        npm_package_nameAlias: 'my_app',","                        npm_package_version: '0.0.1'","                    })","                }","            );","        } else {","            local.assetsDict['/'] = local.assetsDict['/assets.index.template.html']","                .replace((/\\{\\{env\\.(\\w+?)\\}\\}/g), function (match0, match1) {","                    // jslint-hack","                    String(match0);","                    switch (match1) {","                    case 'npm_package_description':","                        return 'the greatest app in the world!';","                    case 'npm_package_name':","                        return 'my-app';","                    case 'npm_package_nameAlias':","                        return 'my_app';","                    case 'npm_package_version':","                        return '0.0.1';","                    }","                });","        }","        // run the cli","        if (local.global.utility2_rollup || module !== require.main) {","            break;","        }","        local.assetsDict['/assets.example.js'] =","            local.assetsDict['/assets.example.js'] ||","            local.fs.readFileSync(__filename, 'utf8');","        // bug-workaround - long $npm_package_buildCustomOrg","        /* jslint-ignore-begin */","        local.assetsDict['/assets.npmtest_intl_tel_input.rollup.js'] =","            local.assetsDict['/assets.npmtest_intl_tel_input.rollup.js'] ||","            local.fs.readFileSync(","                local.npmtest_intl_tel_input.__dirname + '/lib.npmtest_intl_tel_input.js',","                'utf8'","            ).replace((/^#!/), '//');","        /* jslint-ignore-end */","        local.assetsDict['/favicon.ico'] = local.assetsDict['/favicon.ico'] || '';","        // if $npm_config_timeout_exit exists,","        // then exit this process after $npm_config_timeout_exit ms","        if (Number(process.env.npm_config_timeout_exit)) {","            setTimeout(process.exit, Number(process.env.npm_config_timeout_exit));","        }","        // start server","        if (local.global.utility2_serverHttp1) {","            break;","        }","        process.env.PORT = process.env.PORT || '8081';","        console.error('server starting on port ' + process.env.PORT);","        local.http.createServer(function (request, response) {","            request.urlParsed = local.url.parse(request.url);","            if (local.assetsDict[request.urlParsed.pathname] !== undefined) {","                response.end(local.assetsDict[request.urlParsed.pathname]);","                return;","            }","            response.statusCode = 404;","            response.end();","        }).listen(process.env.PORT);","        break;","    }","}());",""],"l":{"26":2,"28":2,"33":2,"35":2,"37":2,"38":2,"39":2,"44":1,"51":2,"55":2,"59":2,"61":2,"69":1,"70":2,"76":2,"79":2,"82":2,"83":2,"85":1,"89":2,"92":1,"93":1,"94":1,"96":1,"97":1,"100":1,"101":1,"103":1,"106":1,"108":2,"114":1,"116":1,"118":1,"123":1,"124":2,"125":2,"126":3,"127":3,"128":3,"129":3,"130":1,"133":3,"134":3,"139":3,"143":1,"144":3,"145":1,"149":1,"150":1,"158":1,"160":1,"161":1,"162":1,"164":1,"166":1,"258":1,"259":1,"271":1,"274":6,"275":6,"277":1,"279":2,"281":1,"283":2,"288":1,"289":1,"291":1,"296":1,"303":1,"306":1,"307":1,"310":1,"311":1,"313":1,"314":1,"315":1,"316":1,"317":1,"318":1,"319":1,"321":1,"322":1,"324":1}},"/home/travis/build/npmtest/node-npmtest-intl-tel-input/node_modules/intl-tel-input/index.js":{"path":"/home/travis/build/npmtest/node-npmtest-intl-tel-input/node_modules/intl-tel-input/index.js","s":{"1":4},"b":{},"f":{},"fnMap":{},"statementMap":{"1":{"start":{"line":4,"column":0},"end":{"line":4,"column":52}}},"branchMap":{},"code":["/**"," * Exposing intl-tel-input as a component"," */","module.exports = require(\"./build/js/intlTelInput\");",""],"l":{"4":4}},"/home/travis/build/npmtest/node-npmtest-intl-tel-input/node_modules/intl-tel-input/build/js/intlTelInput.js":{"path":"/home/travis/build/npmtest/node-npmtest-intl-tel-input/node_modules/intl-tel-input/build/js/intlTelInput.js","s":{"1":4,"2":4,"3":0,"4":0,"5":4,"6":4,"7":0,"8":0,"9":0,"10":0,"11":1,"12":0,"13":0,"14":0,"15":0,"16":0,"17":0,"18":0,"19":0,"20":0,"21":0,"22":0,"23":0,"24":0,"25":0,"26":0,"27":0,"28":0,"29":0,"30":0,"31":0,"32":0,"33":0,"34":0,"35":0,"36":0,"37":0,"38":0,"39":0,"40":0,"41":0,"42":0,"43":0,"44":0,"45":0,"46":0,"47":0,"48":0,"49":0,"50":0,"51":0,"52":0,"53":0,"54":0,"55":0,"56":0,"57":0,"58":0,"59":0,"60":0,"61":0,"62":0,"63":0,"64":0,"65":0,"66":0,"67":0,"68":0,"69":0,"70":0,"71":0,"72":0,"73":0,"74":0,"75":0,"76":0,"77":0,"78":0,"79":0,"80":0,"81":0,"82":0,"83":0,"84":0,"85":0,"86":0,"87":0,"88":0,"89":0,"90":0,"91":0,"92":0,"93":0,"94":0,"95":0,"96":0,"97":0,"98":0,"99":0,"100":0,"101":0,"102":0,"103":0,"104":0,"105":0,"106":0,"107":0,"108":0,"109":0,"110":0,"111":0,"112":0,"113":0,"114":0,"115":0,"116":0,"117":0,"118":0,"119":0,"120":0,"121":0,"122":0,"123":0,"124":0,"125":0,"126":0,"127":0,"128":0,"129":0,"130":0,"131":0,"132":0,"133":0,"134":0,"135":0,"136":0,"137":0,"138":0,"139":0,"140":0,"141":0,"142":0,"143":0,"144":0,"145":0,"146":0,"147":0,"148":0,"149":0,"150":0,"151":0,"152":0,"153":0,"154":0,"155":0,"156":0,"157":0,"158":0,"159":0,"160":0,"161":0,"162":0,"163":0,"164":0,"165":0,"166":0,"167":0,"168":0,"169":0,"170":0,"171":0,"172":0,"173":0,"174":0,"175":0,"176":0,"177":0,"178":0,"179":0,"180":0,"181":0,"182":0,"183":0,"184":0,"185":0,"186":0,"187":0,"188":0,"189":0,"190":0,"191":0,"192":0,"193":0,"194":0,"195":0,"196":0,"197":0,"198":0,"199":0,"200":0,"201":0,"202":0,"203":0,"204":0,"205":0,"206":0,"207":0,"208":0,"209":0,"210":0,"211":0,"212":0,"213":0,"214":0,"215":0,"216":0,"217":0,"218":0,"219":0,"220":0,"221":0,"222":0,"223":0,"224":0,"225":0,"226":0,"227":0,"228":0,"229":0,"230":0,"231":0,"232":0,"233":0,"234":0,"235":0,"236":0,"237":0,"238":0,"239":0,"240":0,"241":0,"242":0,"243":0,"244":0,"245":0,"246":0,"247":0,"248":0,"249":0,"250":0,"251":0,"252":0,"253":0,"254":0,"255":0,"256":0,"257":0,"258":0,"259":0,"260":0,"261":0,"262":0,"263":0,"264":0,"265":0,"266":0,"267":0,"268":0,"269":0,"270":0,"271":0,"272":0,"273":0,"274":0,"275":0,"276":0,"277":0,"278":0,"279":0,"280":0,"281":0,"282":0,"283":0,"284":0,"285":0,"286":0,"287":0,"288":0,"289":0,"290":0,"291":0,"292":0,"293":0,"294":0,"295":0,"296":0,"297":0,"298":0,"299":0,"300":0,"301":0,"302":0,"303":0,"304":0,"305":0,"306":0,"307":0,"308":0,"309":0,"310":0,"311":0,"312":0,"313":0,"314":0,"315":0,"316":0,"317":0,"318":0,"319":0,"320":0,"321":0,"322":0,"323":0,"324":0,"325":0,"326":0,"327":0,"328":0,"329":0,"330":0,"331":0,"332":0,"333":0,"334":0,"335":0,"336":0,"337":0,"338":0,"339":0,"340":0,"341":0,"342":0,"343":0,"344":0,"345":0,"346":0,"347":0,"348":0,"349":0,"350":0,"351":0,"352":0,"353":0,"354":0,"355":0,"356":0,"357":0,"358":0,"359":0,"360":0,"361":0,"362":0,"363":0,"364":0,"365":0,"366":0,"367":0,"368":0,"369":0,"370":0,"371":0,"372":0,"373":0,"374":0,"375":0,"376":0,"377":0,"378":0,"379":0,"380":0,"381":0,"382":0,"383":0,"384":0,"385":0,"386":0,"387":0,"388":0,"389":0,"390":0,"391":0,"392":0,"393":0,"394":0,"395":0,"396":0,"397":0,"398":0,"399":0,"400":0,"401":0,"402":0,"403":0,"404":0,"405":0,"406":0,"407":0,"408":0,"409":0,"410":0,"411":0,"412":0,"413":0,"414":0,"415":0,"416":0,"417":0,"418":0,"419":0,"420":0,"421":0,"422":0,"423":0,"424":0,"425":0,"426":0,"427":0,"428":0,"429":0,"430":0,"431":0,"432":0,"433":0,"434":0,"435":0,"436":0,"437":0,"438":0,"439":0,"440":0,"441":0,"442":0,"443":0,"444":0,"445":0,"446":0,"447":0,"448":0,"449":0,"450":0,"451":0,"452":0,"453":0,"454":0,"455":0,"456":0,"457":0,"458":0,"459":0,"460":0,"461":0,"462":0,"463":0,"464":0,"465":0,"466":0,"467":0,"468":0,"469":0,"470":0,"471":0,"472":0,"473":0,"474":0},"b":{"1":[0,4],"2":[4,0],"3":[4,0],"4":[4,4],"5":[0,0],"6":[0,0],"7":[0,0],"8":[0,0],"9":[0,0],"10":[0,0],"11":[0,0],"12":[0,0],"13":[0,0],"14":[0,0],"15":[0,0],"16":[0,0],"17":[0,0],"18":[0,0],"19":[0,0],"20":[0,0],"21":[0,0],"22":[0,0],"23":[0,0],"24":[0,0],"25":[0,0],"26":[0,0],"27":[0,0],"28":[0,0,0,0],"29":[0,0],"30":[0,0],"31":[0,0],"32":[0,0],"33":[0,0],"34":[0,0],"35":[0,0,0],"36":[0,0],"37":[0,0,0,0,0],"38":[0,0],"39":[0,0],"40":[0,0],"41":[0,0],"42":[0,0],"43":[0,0],"44":[0,0],"45":[0,0],"46":[0,0],"47":[0,0],"48":[0,0],"49":[0,0],"50":[0,0],"51":[0,0],"52":[0,0,0],"53":[0,0],"54":[0,0],"55":[0,0],"56":[0,0],"57":[0,0],"58":[0,0],"59":[0,0],"60":[0,0],"61":[0,0],"62":[0,0],"63":[0,0],"64":[0,0],"65":[0,0],"66":[0,0],"67":[0,0],"68":[0,0],"69":[0,0],"70":[0,0],"71":[0,0],"72":[0,0,0],"73":[0,0],"74":[0,0],"75":[0,0],"76":[0,0],"77":[0,0],"78":[0,0],"79":[0,0],"80":[0,0],"81":[0,0,0],"82":[0,0],"83":[0,0,0],"84":[0,0],"85":[0,0,0,0],"86":[0,0],"87":[0,0],"88":[0,0],"89":[0,0],"90":[0,0,0],"91":[0,0],"92":[0,0],"93":[0,0],"94":[0,0],"95":[0,0],"96":[0,0],"97":[0,0],"98":[0,0],"99":[0,0],"100":[0,0],"101":[0,0],"102":[0,0],"103":[0,0],"104":[0,0],"105":[0,0],"106":[0,0],"107":[0,0],"108":[0,0],"109":[0,0],"110":[0,0],"111":[0,0,0,0],"112":[0,0],"113":[0,0],"114":[0,0],"115":[0,0],"116":[0,0],"117":[0,0],"118":[0,0],"119":[0,0],"120":[0,0],"121":[0,0],"122":[0,0],"123":[0,0],"124":[0,0],"125":[0,0],"126":[0,0],"127":[0,0],"128":[0,0],"129":[0,0],"130":[0,0],"131":[0,0],"132":[0,0],"133":[0,0],"134":[0,0],"135":[0,0],"136":[0,0],"137":[0,0],"138":[0,0,0,0,0,0],"139":[0,0],"140":[0,0],"141":[0,0],"142":[0,0],"143":[0,0],"144":[0,0],"145":[0,0],"146":[0,0],"147":[0,0],"148":[0,0],"149":[0,0],"150":[0,0],"151":[0,0],"152":[0,0],"153":[0,0],"154":[0,0],"155":[0,0],"156":[0,0],"157":[0,0],"158":[0,0],"159":[0,0],"160":[0,0],"161":[0,0],"162":[0,0],"163":[0,0],"164":[0,0],"165":[0,0],"166":[0,0],"167":[0,0],"168":[0,0],"169":[0,0],"170":[0,0],"171":[0,0]},"f":{"1":4,"2":0,"3":0,"4":0,"5":0,"6":0,"7":0,"8":0,"9":0,"10":0,"11":0,"12":0,"13":0,"14":0,"15":0,"16":0,"17":0,"18":0,"19":0,"20":0,"21":0,"22":0,"23":0,"24":0,"25":0,"26":0,"27":0,"28":0,"29":0,"30":0,"31":0,"32":0,"33":0,"34":0,"35":0,"36":0,"37":0,"38":0,"39":0,"40":0,"41":0,"42":0,"43":0,"44":0,"45":0,"46":0,"47":0,"48":0,"49":0,"50":0,"51":0,"52":0,"53":0,"54":0,"55":0,"56":0,"57":0,"58":0,"59":0,"60":0,"61":0,"62":0,"63":0,"64":0,"65":0,"66":0,"67":0,"68":0,"69":0,"70":0,"71":0,"72":0,"73":0,"74":0,"75":0,"76":0,"77":0,"78":0,"79":0,"80":0,"81":0,"82":0,"83":0,"84":0,"85":0,"86":0,"87":0},"fnMap":{"1":{"name":"(anonymous_1)","line":8,"loc":{"start":{"line":8,"column":1},"end":{"line":8,"column":19}}},"2":{"name":"(anonymous_2)","line":10,"loc":{"start":{"line":10,"column":29},"end":{"line":10,"column":41}}},"3":{"name":"(anonymous_3)","line":18,"loc":{"start":{"line":18,"column":3},"end":{"line":18,"column":44}}},"4":{"name":"(anonymous_4)","line":66,"loc":{"start":{"line":66,"column":25},"end":{"line":66,"column":36}}},"5":{"name":"Plugin","line":70,"loc":{"start":{"line":70,"column":4},"end":{"line":70,"column":38}}},"6":{"name":"(anonymous_6)","line":80,"loc":{"start":{"line":80,"column":15},"end":{"line":80,"column":26}}},"7":{"name":"(anonymous_7)","line":124,"loc":{"start":{"line":124,"column":29},"end":{"line":124,"column":40}}},"8":{"name":"(anonymous_8)","line":133,"loc":{"start":{"line":133,"column":25},"end":{"line":133,"column":60}}},"9":{"name":"(anonymous_9)","line":141,"loc":{"start":{"line":141,"column":30},"end":{"line":141,"column":41}}},"10":{"name":"(anonymous_10)","line":143,"loc":{"start":{"line":143,"column":76},"end":{"line":143,"column":94}}},"11":{"name":"(anonymous_11)","line":146,"loc":{"start":{"line":146,"column":53},"end":{"line":146,"column":71}}},"12":{"name":"(anonymous_12)","line":150,"loc":{"start":{"line":150,"column":82},"end":{"line":150,"column":100}}},"13":{"name":"(anonymous_13)","line":153,"loc":{"start":{"line":153,"column":53},"end":{"line":153,"column":71}}},"14":{"name":"(anonymous_14)","line":161,"loc":{"start":{"line":161,"column":30},"end":{"line":161,"column":41}}},"15":{"name":"(anonymous_15)","line":176,"loc":{"start":{"line":176,"column":36},"end":{"line":176,"column":47}}},"16":{"name":"(anonymous_16)","line":186,"loc":{"start":{"line":186,"column":25},"end":{"line":186,"column":36}}},"17":{"name":"(anonymous_17)","line":250,"loc":{"start":{"line":250,"column":26},"end":{"line":250,"column":57}}},"18":{"name":"(anonymous_18)","line":274,"loc":{"start":{"line":274,"column":26},"end":{"line":274,"column":37}}},"19":{"name":"(anonymous_19)","line":303,"loc":{"start":{"line":303,"column":24},"end":{"line":303,"column":35}}},"20":{"name":"(anonymous_20)","line":313,"loc":{"start":{"line":313,"column":32},"end":{"line":313,"column":43}}},"21":{"name":"(anonymous_21)","line":318,"loc":{"start":{"line":318,"column":44},"end":{"line":318,"column":56}}},"22":{"name":"(anonymous_22)","line":329,"loc":{"start":{"line":329,"column":47},"end":{"line":329,"column":59}}},"23":{"name":"(anonymous_23)","line":338,"loc":{"start":{"line":338,"column":56},"end":{"line":338,"column":68}}},"24":{"name":"(anonymous_24)","line":354,"loc":{"start":{"line":354,"column":23},"end":{"line":354,"column":34}}},"25":{"name":"(anonymous_25)","line":363,"loc":{"start":{"line":363,"column":41},"end":{"line":363,"column":52}}},"26":{"name":"(anonymous_26)","line":377,"loc":{"start":{"line":377,"column":26},"end":{"line":377,"column":37}}},"27":{"name":"(anonymous_27)","line":389,"loc":{"start":{"line":389,"column":45},"end":{"line":389,"column":67}}},"28":{"name":"(anonymous_28)","line":394,"loc":{"start":{"line":394,"column":35},"end":{"line":394,"column":46}}},"29":{"name":"(anonymous_29)","line":402,"loc":{"start":{"line":402,"column":27},"end":{"line":402,"column":38}}},"30":{"name":"(anonymous_30)","line":406,"loc":{"start":{"line":406,"column":48},"end":{"line":406,"column":59}}},"31":{"name":"(anonymous_31)","line":412,"loc":{"start":{"line":412,"column":67},"end":{"line":412,"column":78}}},"32":{"name":"(anonymous_32)","line":414,"loc":{"start":{"line":414,"column":27},"end":{"line":414,"column":38}}},"33":{"name":"(anonymous_33)","line":422,"loc":{"start":{"line":422,"column":14},"end":{"line":422,"column":31}}},"34":{"name":"(anonymous_34)","line":427,"loc":{"start":{"line":427,"column":29},"end":{"line":427,"column":40}}},"35":{"name":"(anonymous_35)","line":430,"loc":{"start":{"line":430,"column":52},"end":{"line":430,"column":64}}},"36":{"name":"(anonymous_36)","line":438,"loc":{"start":{"line":438,"column":48},"end":{"line":438,"column":60}}},"37":{"name":"(anonymous_37)","line":443,"loc":{"start":{"line":443,"column":65},"end":{"line":443,"column":77}}},"38":{"name":"(anonymous_38)","line":449,"loc":{"start":{"line":449,"column":31},"end":{"line":449,"column":42}}},"39":{"name":"(anonymous_39)","line":461,"loc":{"start":{"line":461,"column":47},"end":{"line":461,"column":58}}},"40":{"name":"(anonymous_40)","line":465,"loc":{"start":{"line":465,"column":47},"end":{"line":465,"column":58}}},"41":{"name":"(anonymous_41)","line":469,"loc":{"start":{"line":469,"column":30},"end":{"line":469,"column":41}}},"42":{"name":"(anonymous_42)","line":482,"loc":{"start":{"line":482,"column":21},"end":{"line":482,"column":33}}},"43":{"name":"(anonymous_43)","line":486,"loc":{"start":{"line":486,"column":23},"end":{"line":486,"column":34}}},"44":{"name":"(anonymous_44)","line":500,"loc":{"start":{"line":500,"column":30},"end":{"line":500,"column":41}}},"45":{"name":"(anonymous_45)","line":522,"loc":{"start":{"line":522,"column":53},"end":{"line":522,"column":64}}},"46":{"name":"(anonymous_46)","line":529,"loc":{"start":{"line":529,"column":32},"end":{"line":529,"column":43}}},"47":{"name":"(anonymous_47)","line":533,"loc":{"start":{"line":533,"column":67},"end":{"line":533,"column":79}}},"48":{"name":"(anonymous_48)","line":537,"loc":{"start":{"line":537,"column":63},"end":{"line":537,"column":75}}},"49":{"name":"(anonymous_49)","line":544,"loc":{"start":{"line":544,"column":44},"end":{"line":544,"column":56}}},"50":{"name":"(anonymous_50)","line":555,"loc":{"start":{"line":555,"column":48},"end":{"line":555,"column":60}}},"51":{"name":"(anonymous_51)","line":577,"loc":{"start":{"line":577,"column":44},"end":{"line":577,"column":55}}},"52":{"name":"(anonymous_52)","line":584,"loc":{"start":{"line":584,"column":26},"end":{"line":584,"column":40}}},"53":{"name":"(anonymous_53)","line":597,"loc":{"start":{"line":597,"column":25},"end":{"line":597,"column":36}}},"54":{"name":"(anonymous_54)","line":604,"loc":{"start":{"line":604,"column":27},"end":{"line":604,"column":43}}},"55":{"name":"(anonymous_55)","line":616,"loc":{"start":{"line":616,"column":21},"end":{"line":616,"column":36}}},"56":{"name":"(anonymous_56)","line":621,"loc":{"start":{"line":621,"column":30},"end":{"line":621,"column":47}}},"57":{"name":"(anonymous_57)","line":631,"loc":{"start":{"line":631,"column":31},"end":{"line":631,"column":48}}},"58":{"name":"(anonymous_58)","line":673,"loc":{"start":{"line":673,"column":27},"end":{"line":673,"column":44}}},"59":{"name":"(anonymous_59)","line":682,"loc":{"start":{"line":682,"column":28},"end":{"line":682,"column":47}}},"60":{"name":"(anonymous_60)","line":688,"loc":{"start":{"line":688,"column":25},"end":{"line":688,"column":85}}},"61":{"name":"(anonymous_61)","line":703,"loc":{"start":{"line":703,"column":18},"end":{"line":703,"column":40}}},"62":{"name":"(anonymous_62)","line":736,"loc":{"start":{"line":736,"column":28},"end":{"line":736,"column":39}}},"63":{"name":"(anonymous_63)","line":748,"loc":{"start":{"line":748,"column":25},"end":{"line":748,"column":44}}},"64":{"name":"(anonymous_64)","line":765,"loc":{"start":{"line":765,"column":24},"end":{"line":765,"column":35}}},"65":{"name":"(anonymous_65)","line":784,"loc":{"start":{"line":784,"column":19},"end":{"line":784,"column":45}}},"66":{"name":"(anonymous_66)","line":803,"loc":{"start":{"line":803,"column":25},"end":{"line":803,"column":68}}},"67":{"name":"(anonymous_67)","line":837,"loc":{"start":{"line":837,"column":22},"end":{"line":837,"column":39}}},"68":{"name":"(anonymous_68)","line":863,"loc":{"start":{"line":863,"column":24},"end":{"line":863,"column":35}}},"69":{"name":"(anonymous_69)","line":877,"loc":{"start":{"line":877,"column":26},"end":{"line":877,"column":43}}},"70":{"name":"(anonymous_70)","line":897,"loc":{"start":{"line":897,"column":31},"end":{"line":897,"column":42}}},"71":{"name":"(anonymous_71)","line":904,"loc":{"start":{"line":904,"column":27},"end":{"line":904,"column":38}}},"72":{"name":"(anonymous_72)","line":916,"loc":{"start":{"line":916,"column":21},"end":{"line":916,"column":32}}},"73":{"name":"(anonymous_73)","line":931,"loc":{"start":{"line":931,"column":17},"end":{"line":931,"column":28}}},"74":{"name":"(anonymous_74)","line":954,"loc":{"start":{"line":954,"column":22},"end":{"line":954,"column":33}}},"75":{"name":"(anonymous_75)","line":961,"loc":{"start":{"line":961,"column":19},"end":{"line":961,"column":36}}},"76":{"name":"(anonymous_76)","line":968,"loc":{"start":{"line":968,"column":23},"end":{"line":968,"column":34}}},"77":{"name":"(anonymous_77)","line":975,"loc":{"start":{"line":975,"column":32},"end":{"line":975,"column":43}}},"78":{"name":"(anonymous_78)","line":979,"loc":{"start":{"line":979,"column":28},"end":{"line":979,"column":39}}},"79":{"name":"(anonymous_79)","line":986,"loc":{"start":{"line":986,"column":23},"end":{"line":986,"column":34}}},"80":{"name":"(anonymous_80)","line":991,"loc":{"start":{"line":991,"column":20},"end":{"line":991,"column":42}}},"81":{"name":"(anonymous_81)","line":1001,"loc":{"start":{"line":1001,"column":19},"end":{"line":1001,"column":36}}},"82":{"name":"(anonymous_82)","line":1012,"loc":{"start":{"line":1012,"column":23},"end":{"line":1012,"column":41}}},"83":{"name":"(anonymous_83)","line":1019,"loc":{"start":{"line":1019,"column":22},"end":{"line":1019,"column":33}}},"84":{"name":"(anonymous_84)","line":1037,"loc":{"start":{"line":1037,"column":22},"end":{"line":1037,"column":33}}},"85":{"name":"(anonymous_85)","line":1060,"loc":{"start":{"line":1060,"column":38},"end":{"line":1060,"column":49}}},"86":{"name":"(anonymous_86)","line":1064,"loc":{"start":{"line":1064,"column":33},"end":{"line":1064,"column":69}}},"87":{"name":"(anonymous_87)","line":1072,"loc":{"start":{"line":1072,"column":26},"end":{"line":1072,"column":37}}}},"statementMap":{"1":{"start":{"line":8,"column":0},"end":{"line":1113,"column":3}},"2":{"start":{"line":9,"column":4},"end":{"line":17,"column":5}},"3":{"start":{"line":10,"column":8},"end":{"line":12,"column":11}},"4":{"start":{"line":11,"column":12},"end":{"line":11,"column":41}},"5":{"start":{"line":13,"column":11},"end":{"line":17,"column":5}},"6":{"start":{"line":14,"column":8},"end":{"line":14,"column":70}},"7":{"start":{"line":16,"column":8},"end":{"line":16,"column":42}},"8":{"start":{"line":21,"column":4},"end":{"line":64,"column":150}},"9":{"start":{"line":66,"column":4},"end":{"line":69,"column":7}},"10":{"start":{"line":68,"column":8},"end":{"line":68,"column":45}},"11":{"start":{"line":70,"column":4},"end":{"line":78,"column":5}},"12":{"start":{"line":71,"column":8},"end":{"line":71,"column":35}},"13":{"start":{"line":72,"column":8},"end":{"line":72,"column":55}},"14":{"start":{"line":74,"column":8},"end":{"line":74,"column":42}},"15":{"start":{"line":76,"column":8},"end":{"line":76,"column":64}},"16":{"start":{"line":77,"column":8},"end":{"line":77,"column":77}},"17":{"start":{"line":79,"column":4},"end":{"line":1009,"column":6}},"18":{"start":{"line":82,"column":12},"end":{"line":84,"column":13}},"19":{"start":{"line":83,"column":16},"end":{"line":83,"column":54}},"20":{"start":{"line":86,"column":12},"end":{"line":88,"column":13}},"21":{"start":{"line":87,"column":16},"end":{"line":87,"column":82}},"22":{"start":{"line":92,"column":12},"end":{"line":92,"column":122}},"23":{"start":{"line":93,"column":12},"end":{"line":100,"column":13}},"24":{"start":{"line":95,"column":16},"end":{"line":95,"column":49}},"25":{"start":{"line":97,"column":16},"end":{"line":99,"column":17}},"26":{"start":{"line":98,"column":20},"end":{"line":98,"column":60}},"27":{"start":{"line":103,"column":12},"end":{"line":103,"column":56}},"28":{"start":{"line":104,"column":12},"end":{"line":104,"column":56}},"29":{"start":{"line":106,"column":12},"end":{"line":106,"column":42}},"30":{"start":{"line":108,"column":12},"end":{"line":108,"column":39}},"31":{"start":{"line":110,"column":12},"end":{"line":110,"column":35}},"32":{"start":{"line":112,"column":12},"end":{"line":112,"column":36}},"33":{"start":{"line":114,"column":12},"end":{"line":114,"column":34}},"34":{"start":{"line":116,"column":12},"end":{"line":116,"column":33}},"35":{"start":{"line":118,"column":12},"end":{"line":118,"column":74}},"36":{"start":{"line":126,"column":12},"end":{"line":126,"column":40}},"37":{"start":{"line":128,"column":12},"end":{"line":128,"column":40}},"38":{"start":{"line":130,"column":12},"end":{"line":130,"column":46}},"39":{"start":{"line":134,"column":12},"end":{"line":136,"column":13}},"40":{"start":{"line":135,"column":16},"end":{"line":135,"column":49}},"41":{"start":{"line":137,"column":12},"end":{"line":137,"column":38}},"42":{"start":{"line":138,"column":12},"end":{"line":138,"column":54}},"43":{"start":{"line":142,"column":12},"end":{"line":158,"column":13}},"44":{"start":{"line":143,"column":16},"end":{"line":145,"column":19}},"45":{"start":{"line":144,"column":20},"end":{"line":144,"column":49}},"46":{"start":{"line":146,"column":16},"end":{"line":148,"column":19}},"47":{"start":{"line":147,"column":20},"end":{"line":147,"column":77}},"48":{"start":{"line":149,"column":19},"end":{"line":158,"column":13}},"49":{"start":{"line":150,"column":16},"end":{"line":152,"column":19}},"50":{"start":{"line":151,"column":20},"end":{"line":151,"column":49}},"51":{"start":{"line":153,"column":16},"end":{"line":155,"column":19}},"52":{"start":{"line":154,"column":20},"end":{"line":154,"column":82}},"53":{"start":{"line":157,"column":16},"end":{"line":157,"column":46}},"54":{"start":{"line":162,"column":12},"end":{"line":162,"column":35}},"55":{"start":{"line":163,"column":12},"end":{"line":173,"column":13}},"56":{"start":{"line":164,"column":16},"end":{"line":164,"column":42}},"57":{"start":{"line":165,"column":16},"end":{"line":165,"column":69}},"58":{"start":{"line":167,"column":16},"end":{"line":172,"column":17}},"59":{"start":{"line":168,"column":20},"end":{"line":171,"column":21}},"60":{"start":{"line":170,"column":24},"end":{"line":170,"column":82}},"61":{"start":{"line":177,"column":12},"end":{"line":177,"column":41}},"62":{"start":{"line":178,"column":12},"end":{"line":183,"column":13}},"63":{"start":{"line":179,"column":16},"end":{"line":179,"column":145}},"64":{"start":{"line":180,"column":16},"end":{"line":182,"column":17}},"65":{"start":{"line":181,"column":20},"end":{"line":181,"column":62}},"66":{"start":{"line":188,"column":12},"end":{"line":188,"column":54}},"67":{"start":{"line":190,"column":12},"end":{"line":190,"column":47}},"68":{"start":{"line":191,"column":12},"end":{"line":193,"column":13}},"69":{"start":{"line":192,"column":16},"end":{"line":192,"column":49}},"70":{"start":{"line":194,"column":12},"end":{"line":196,"column":13}},"71":{"start":{"line":195,"column":16},"end":{"line":195,"column":53}},"72":{"start":{"line":197,"column":12},"end":{"line":199,"column":16}},"73":{"start":{"line":200,"column":12},"end":{"line":202,"column":43}},"74":{"start":{"line":204,"column":12},"end":{"line":206,"column":15}},"75":{"start":{"line":207,"column":12},"end":{"line":207,"column":55}},"76":{"start":{"line":208,"column":12},"end":{"line":210,"column":38}},"77":{"start":{"line":211,"column":12},"end":{"line":215,"column":13}},"78":{"start":{"line":212,"column":16},"end":{"line":214,"column":42}},"79":{"start":{"line":216,"column":12},"end":{"line":247,"column":13}},"80":{"start":{"line":218,"column":16},"end":{"line":218,"column":51}},"81":{"start":{"line":220,"column":16},"end":{"line":222,"column":42}},"82":{"start":{"line":224,"column":16},"end":{"line":226,"column":19}},"83":{"start":{"line":227,"column":16},"end":{"line":232,"column":17}},"84":{"start":{"line":228,"column":20},"end":{"line":228,"column":80}},"85":{"start":{"line":229,"column":20},"end":{"line":231,"column":50}},"86":{"start":{"line":233,"column":16},"end":{"line":233,"column":58}},"87":{"start":{"line":235,"column":16},"end":{"line":235,"column":78}},"88":{"start":{"line":237,"column":16},"end":{"line":243,"column":17}},"89":{"start":{"line":238,"column":20},"end":{"line":240,"column":48}},"90":{"start":{"line":242,"column":20},"end":{"line":242,"column":67}},"91":{"start":{"line":246,"column":16},"end":{"line":246,"column":44}},"92":{"start":{"line":253,"column":12},"end":{"line":253,"column":25}},"93":{"start":{"line":255,"column":12},"end":{"line":266,"column":13}},"94":{"start":{"line":256,"column":16},"end":{"line":256,"column":37}},"95":{"start":{"line":258,"column":16},"end":{"line":258,"column":135}},"96":{"start":{"line":260,"column":16},"end":{"line":260,"column":97}},"97":{"start":{"line":262,"column":16},"end":{"line":262,"column":74}},"98":{"start":{"line":263,"column":16},"end":{"line":263,"column":76}},"99":{"start":{"line":265,"column":16},"end":{"line":265,"column":31}},"100":{"start":{"line":267,"column":12},"end":{"line":267,"column":41}},"101":{"start":{"line":275,"column":12},"end":{"line":275,"column":42}},"102":{"start":{"line":277,"column":12},"end":{"line":294,"column":13}},"103":{"start":{"line":278,"column":16},"end":{"line":278,"column":48}},"104":{"start":{"line":279,"column":19},"end":{"line":294,"column":13}},"105":{"start":{"line":281,"column":16},"end":{"line":289,"column":17}},"106":{"start":{"line":282,"column":20},"end":{"line":282,"column":77}},"107":{"start":{"line":285,"column":20},"end":{"line":285,"column":132}},"108":{"start":{"line":286,"column":20},"end":{"line":288,"column":21}},"109":{"start":{"line":287,"column":24},"end":{"line":287,"column":59}},"110":{"start":{"line":291,"column":16},"end":{"line":293,"column":17}},"111":{"start":{"line":292,"column":20},"end":{"line":292,"column":79}},"112":{"start":{"line":297,"column":12},"end":{"line":300,"column":13}},"113":{"start":{"line":299,"column":16},"end":{"line":299,"column":47}},"114":{"start":{"line":304,"column":12},"end":{"line":304,"column":37}},"115":{"start":{"line":305,"column":12},"end":{"line":307,"column":13}},"116":{"start":{"line":306,"column":16},"end":{"line":306,"column":43}},"117":{"start":{"line":308,"column":12},"end":{"line":310,"column":13}},"118":{"start":{"line":309,"column":16},"end":{"line":309,"column":46}},"119":{"start":{"line":314,"column":12},"end":{"line":314,"column":28}},"120":{"start":{"line":316,"column":12},"end":{"line":316,"column":55}},"121":{"start":{"line":317,"column":12},"end":{"line":326,"column":13}},"122":{"start":{"line":318,"column":16},"end":{"line":325,"column":19}},"123":{"start":{"line":320,"column":20},"end":{"line":324,"column":21}},"124":{"start":{"line":321,"column":24},"end":{"line":321,"column":46}},"125":{"start":{"line":323,"column":24},"end":{"line":323,"column":43}},"126":{"start":{"line":328,"column":12},"end":{"line":328,"column":63}},"127":{"start":{"line":329,"column":12},"end":{"line":336,"column":15}},"128":{"start":{"line":333,"column":16},"end":{"line":335,"column":17}},"129":{"start":{"line":334,"column":20},"end":{"line":334,"column":41}},"130":{"start":{"line":338,"column":12},"end":{"line":351,"column":15}},"131":{"start":{"line":339,"column":16},"end":{"line":339,"column":73}},"132":{"start":{"line":340,"column":16},"end":{"line":346,"column":17}},"133":{"start":{"line":342,"column":20},"end":{"line":342,"column":39}},"134":{"start":{"line":344,"column":20},"end":{"line":344,"column":40}},"135":{"start":{"line":345,"column":20},"end":{"line":345,"column":41}},"136":{"start":{"line":348,"column":16},"end":{"line":350,"column":17}},"137":{"start":{"line":349,"column":20},"end":{"line":349,"column":42}},"138":{"start":{"line":355,"column":12},"end":{"line":355,"column":28}},"139":{"start":{"line":357,"column":12},"end":{"line":369,"column":13}},"140":{"start":{"line":359,"column":16},"end":{"line":366,"column":17}},"141":{"start":{"line":360,"column":20},"end":{"line":360,"column":99}},"142":{"start":{"line":363,"column":20},"end":{"line":365,"column":23}},"143":{"start":{"line":364,"column":24},"end":{"line":364,"column":103}},"144":{"start":{"line":368,"column":16},"end":{"line":368,"column":51}},"145":{"start":{"line":370,"column":12},"end":{"line":374,"column":13}},"146":{"start":{"line":371,"column":16},"end":{"line":371,"column":40}},"147":{"start":{"line":373,"column":16},"end":{"line":373,"column":51}},"148":{"start":{"line":378,"column":12},"end":{"line":378,"column":28}},"149":{"start":{"line":383,"column":12},"end":{"line":399,"column":13}},"150":{"start":{"line":384,"column":16},"end":{"line":384,"column":41}},"151":{"start":{"line":385,"column":19},"end":{"line":399,"column":13}},"152":{"start":{"line":387,"column":16},"end":{"line":387,"column":66}},"153":{"start":{"line":388,"column":16},"end":{"line":398,"column":17}},"154":{"start":{"line":389,"column":20},"end":{"line":397,"column":23}},"155":{"start":{"line":390,"column":24},"end":{"line":390,"column":81}},"156":{"start":{"line":394,"column":24},"end":{"line":396,"column":27}},"157":{"start":{"line":395,"column":28},"end":{"line":395,"column":89}},"158":{"start":{"line":403,"column":12},"end":{"line":403,"column":28}},"159":{"start":{"line":406,"column":12},"end":{"line":410,"column":15}},"160":{"start":{"line":407,"column":16},"end":{"line":409,"column":17}},"161":{"start":{"line":408,"column":20},"end":{"line":408,"column":49}},"162":{"start":{"line":412,"column":12},"end":{"line":419,"column":15}},"163":{"start":{"line":414,"column":16},"end":{"line":418,"column":19}},"164":{"start":{"line":415,"column":20},"end":{"line":417,"column":21}},"165":{"start":{"line":416,"column":24},"end":{"line":416,"column":53}},"166":{"start":{"line":423,"column":12},"end":{"line":423,"column":54}},"167":{"start":{"line":424,"column":12},"end":{"line":424,"column":79}},"168":{"start":{"line":428,"column":12},"end":{"line":428,"column":28}},"169":{"start":{"line":430,"column":12},"end":{"line":436,"column":15}},"170":{"start":{"line":431,"column":16},"end":{"line":435,"column":17}},"171":{"start":{"line":432,"column":20},"end":{"line":432,"column":39}},"172":{"start":{"line":434,"column":20},"end":{"line":434,"column":42}},"173":{"start":{"line":438,"column":12},"end":{"line":457,"column":15}},"174":{"start":{"line":439,"column":16},"end":{"line":456,"column":17}},"175":{"start":{"line":441,"column":20},"end":{"line":441,"column":79}},"176":{"start":{"line":443,"column":20},"end":{"line":447,"column":23}},"177":{"start":{"line":444,"column":24},"end":{"line":446,"column":25}},"178":{"start":{"line":445,"column":28},"end":{"line":445,"column":50}},"179":{"start":{"line":449,"column":20},"end":{"line":455,"column":23}},"180":{"start":{"line":450,"column":24},"end":{"line":450,"column":53}},"181":{"start":{"line":451,"column":24},"end":{"line":454,"column":25}},"182":{"start":{"line":452,"column":28},"end":{"line":452,"column":65}},"183":{"start":{"line"
[...]
le number for the given country code","function getExampleNumber(countryCode, national, numberType) {","  try {","    var phoneUtil = i18n.phonenumbers.PhoneNumberUtil.getInstance();","    var numberObj = phoneUtil.getExampleNumberForType(countryCode, numberType);","    var format = (national) ? i18n.phonenumbers.PhoneNumberFormat.NATIONAL : i18n.phonenumbers.PhoneNumberFormat.INTERNATIONAL;","    return phoneUtil.format(numberObj, format);","  } catch (e) {","    return \"\";","  }","}","","","// get the extension from the given number","function getExtension(number, countryCode) {","  try {","    var phoneUtil = i18n.phonenumbers.PhoneNumberUtil.getInstance();","    var numberObj = phoneUtil.parseAndKeepRawInput(number, countryCode);","    return numberObj.getExtension();","  } catch (e) {","    return \"\";","  }","}","","","// get the type of the given number e.g. fixed-line/mobile","function getNumberType(number, countryCode) {","  try {","    var phoneUtil = i18n.phonenumbers.PhoneNumberUtil.getInstance();","    var numberObj = phoneUtil.parseAndKeepRawInput(number, countryCode);","    return phoneUtil.getNumberType(numberObj);","  } catch (e) {","    // broken","    return -99;","  }","}","","","// get more info if the validation has failed e.g. too long/too short","function getValidationError(number, countryCode) {","  try {","    var phoneUtil = i18n.phonenumbers.PhoneNumberUtil.getInstance();","    var numberObj = phoneUtil.parseAndKeepRawInput(number, countryCode);","    return phoneUtil.isPossibleNumberWithReason(numberObj);","  } catch (e) {","    //console.log(e);","","    // here I convert thrown errors into ValidationResult enums (if possible)","    if (e.message == i18n.phonenumbers.Error.INVALID_COUNTRY_CODE) {","      return i18n.phonenumbers.PhoneNumberUtil.ValidationResult.INVALID_COUNTRY_CODE;","    }","    if (e.message == i18n.phonenumbers.Error.NOT_A_NUMBER) {","      return 4;","    }","    if (e.message == i18n.phonenumbers.Error.TOO_SHORT_AFTER_IDD || e == i18n.phonenumbers.Error.TOO_SHORT_NSN) {","      return i18n.phonenumbers.PhoneNumberUtil.ValidationResult.TOO_SHORT;","    }","    if (e.message == i18n.phonenumbers.Error.TOO_LONG) {","      return i18n.phonenumbers.PhoneNumberUtil.ValidationResult.TOO_LONG;","    }","","    // broken","    return -99;","  }","}","","","// check if given number is valid","function isValidNumber(number, countryCode) {","  try {","    var phoneUtil = i18n.phonenumbers.PhoneNumberUtil.getInstance();","    var numberObj = phoneUtil.parseAndKeepRawInput(number, countryCode);","    return phoneUtil.isValidNumber(numberObj);","  } catch (e) {","    return false;","  }","}","","","// copied this from i18n.phonenumbers.PhoneNumberFormat in the file https://github.com/googlei18n/libphonenumber/blob/master/javascript/i18n/phonenumbers/phonenumberutil.js","var numberFormat = {","  \"E164\": 0,","  \"INTERNATIONAL\": 1,","  \"NATIONAL\": 2,","  \"RFC3966\": 3","};","","","// copied this from i18n.phonenumbers.PhoneNumberType in https://github.com/googlei18n/libphonenumber/blob/master/javascript/i18n/phonenumbers/phonenumberutil.js and put the keys in quotes to force closure compiler to preserve the keys","// TODO: there must be a way to just tell closure compiler to preserve the keys on i18n.phonenumbers.PhoneNumberType and just export that","var numberType = {","  \"FIXED_LINE\": 0,","  \"MOBILE\": 1,","  // In some regions (e.g. the USA), it is impossible to distinguish between","  // fixed-line and mobile numbers by looking at the phone number itself.","  \"FIXED_LINE_OR_MOBILE\": 2,","  // Freephone lines","  \"TOLL_FREE\": 3,","  \"PREMIUM_RATE\": 4,","  // The cost of this call is shared between the caller and the recipient, and","  // is hence typically less than PREMIUM_RATE calls. See","  // http://en.wikipedia.org/wiki/Shared_Cost_Service for more information.","  \"SHARED_COST\": 5,","  // Voice over IP numbers. This includes TSoIP (Telephony Service over IP).","  \"VOIP\": 6,","  // A personal number is associated with a particular person, and may be routed","  // to either a MOBILE or FIXED_LINE number. Some more information can be found","  // here: http://en.wikipedia.org/wiki/Personal_Numbers","  \"PERSONAL_NUMBER\": 7,","  \"PAGER\": 8,","  // Used for 'Universal Access Numbers' or 'Company Numbers'. They may be","  // further routed to specific offices, but allow one number to be used for a","  // company.","  \"UAN\": 9,","  // Used for 'Voice Mail Access Numbers'.","  \"VOICEMAIL\": 10,","  // A phone number is of type UNKNOWN when it does not fit any of the known","  // patterns for a specific region.","  \"UNKNOWN\": -1","};","","","// copied this from i18n.phonenumbers.PhoneNumberUtil.ValidationResult in https://github.com/googlei18n/libphonenumber/blob/master/javascript/i18n/phonenumbers/phonenumberutil.js and again put the keys in quotes.","// Also: added NOT_A_NUMBER to match i18n.phonenumbers.Error.NOT_A_NUMBER","var validationError = {","  \"IS_POSSIBLE\": 0,","  \"INVALID_COUNTRY_CODE\": 1,","  \"TOO_SHORT\": 2,","  \"TOO_LONG\": 3,","  \"NOT_A_NUMBER\": 4","};","","","// exports","goog.exportSymbol('intlTelInputUtils', {});","goog.exportSymbol('intlTelInputUtils.formatNumber', formatNumber);","goog.exportSymbol('intlTelInputUtils.getExampleNumber', getExampleNumber);","goog.exportSymbol('intlTelInputUtils.getExtension', getExtension);","goog.exportSymbol('intlTelInputUtils.getNumberType', getNumberType);","goog.exportSymbol('intlTelInputUtils.getValidationError', getValidationError);","goog.exportSymbol('intlTelInputUtils.isValidNumber', isValidNumber);","// enums","goog.exportSymbol('intlTelInputUtils.numberFormat', numberFormat);","goog.exportSymbol('intlTelInputUtils.numberType', numberType);","goog.exportSymbol('intlTelInputUtils.validationError', validationError);",""],"l":{"12":2,"13":0,"17":1,"18":0,"19":0,"20":0,"21":0,"22":0,"24":0,"30":1,"31":0,"32":0,"33":0,"34":0,"35":0,"37":0,"43":1,"44":0,"45":0,"46":0,"47":0,"49":0,"55":1,"56":0,"57":0,"58":0,"59":0,"62":0,"68":1,"69":0,"70":0,"71":0,"72":0,"77":0,"78":0,"80":0,"81":0,"83":0,"84":0,"86":0,"87":0,"91":0,"97":1,"98":0,"99":0,"100":0,"101":0,"103":0,"109":0,"119":0,"153":0,"163":0,"164":0,"165":0,"166":0,"167":0,"168":0,"169":0,"171":0,"172":0,"173":0}},"/home/travis/build/npmtest/node-npmtest-intl-tel-input/node_modules/intl-tel-input/src/spec/helpers/helpers.js":{"path":"/home/travis/build/npmtest/node-npmtest-intl-tel-input/node_modules/intl-tel-input/src/spec/helpers/helpers.js","s":{"1":1,"2":1,"3":0,"4":0,"5":0,"6":0,"7":0,"8":0,"9":1,"10":0,"11":0,"12":1,"13":0,"14":0,"15":1,"16":0,"17":0,"18":1,"19":0,"20":0,"21":1,"22":0,"23":0,"24":1,"25":0,"26":0,"27":1,"28":0,"29":0,"30":1,"31":0,"32":0,"33":1,"34":0,"35":0,"36":1,"37":0,"38":0,"39":1,"40":0,"41":0,"42":0,"43":1,"44":0,"45":0,"46":1,"47":0,"48":1,"49":0,"50":1,"51":0,"52":0,"53":0,"54":0,"55":0,"56":0,"57":0,"58":1,"59":0,"60":0,"61":0,"62":1,"63":0},"b":{"1":[0,0],"2":[0,0],"3":[0,0],"4":[0,0],"5":[0,0],"6":[0,0],"7":[0,0],"8":[0,0],"9":[0,0],"10":[0,0],"11":[0,0],"12":[0,0],"13":[0,0],"14":[0,0],"15":[0,0]},"f":{"1":0,"2":0,"3":0,"4":0,"5":0,"6":0,"7":0,"8":0,"9":0,"10":0,"11":0,"12":0,"13":0,"14":0,"15":0,"16":0,"17":0,"18":0},"fnMap":{"1":{"name":"(anonymous_1)","line":14,"loc":{"start":{"line":14,"column":16},"end":{"line":14,"column":38}}},"2":{"name":"(anonymous_2)","line":29,"loc":{"start":{"line":29,"column":18},"end":{"line":29,"column":30}}},"3":{"name":"(anonymous_3)","line":34,"loc":{"start":{"line":34,"column":23},"end":{"line":34,"column":35}}},"4":{"name":"(anonymous_4)","line":39,"loc":{"start":{"line":39,"column":21},"end":{"line":39,"column":33}}},"5":{"name":"(anonymous_5)","line":44,"loc":{"start":{"line":44,"column":20},"end":{"line":44,"column":32}}},"6":{"name":"(anonymous_6)","line":49,"loc":{"start":{"line":49,"column":24},"end":{"line":49,"column":36}}},"7":{"name":"(anonymous_7)","line":54,"loc":{"start":{"line":54,"column":34},"end":{"line":54,"column":46}}},"8":{"name":"(anonymous_8)","line":59,"loc":{"start":{"line":59,"column":31},"end":{"line":59,"column":43}}},"9":{"name":"(anonymous_9)","line":64,"loc":{"start":{"line":64,"column":29},"end":{"line":64,"column":41}}},"10":{"name":"(anonymous_10)","line":69,"loc":{"start":{"line":69,"column":33},"end":{"line":69,"column":45}}},"11":{"name":"(anonymous_11)","line":74,"loc":{"start":{"line":74,"column":31},"end":{"line":74,"column":43}}},"12":{"name":"(anonymous_12)","line":79,"loc":{"start":{"line":79,"column":17},"end":{"line":79,"column":42}}},"13":{"name":"(anonymous_13)","line":85,"loc":{"start":{"line":85,"column":21},"end":{"line":85,"column":32}}},"14":{"name":"(anonymous_14)","line":90,"loc":{"start":{"line":90,"column":23},"end":{"line":90,"column":44}}},"15":{"name":"(anonymous_15)","line":94,"loc":{"start":{"line":94,"column":18},"end":{"line":94,"column":38}}},"16":{"name":"(anonymous_16)","line":101,"loc":{"start":{"line":101,"column":24},"end":{"line":101,"column":38}}},"17":{"name":"(anonymous_17)","line":114,"loc":{"start":{"line":114,"column":23},"end":{"line":114,"column":37}}},"18":{"name":"(anonymous_18)","line":120,"loc":{"start":{"line":120,"column":40},"end":{"line":120,"column":54}}}},"statementMap":{"1":{"start":{"line":1,"column":0},"end":{"line":12,"column":4}},"2":{"start":{"line":14,"column":0},"end":{"line":27,"column":2}},"3":{"start":{"line":16,"column":2},"end":{"line":16,"column":27}},"4":{"start":{"line":19,"column":2},"end":{"line":21,"column":3}},"5":{"start":{"line":20,"column":4},"end":{"line":20,"column":62}},"6":{"start":{"line":22,"column":2},"end":{"line":26,"column":3}},"7":{"start":{"line":23,"column":4},"end":{"line":23,"column":62}},"8":{"start":{"line":25,"column":4},"end":{"line":25,"column":36}},"9":{"start":{"line":29,"column":0},"end":{"line":32,"column":2}},"10":{"start":{"line":30,"column":2},"end":{"line":30,"column":17}},"11":{"start":{"line":31,"column":2},"end":{"line":31,"column":17}},"12":{"start":{"line":34,"column":0},"end":{"line":37,"column":2}},"13":{"start":{"line":35,"column":2},"end":{"line":35,"column":17}},"14":{"start":{"line":36,"column":2},"end":{"line":36,"column":20}},"15":{"start":{"line":39,"column":0},"end":{"line":42,"column":2}},"16":{"start":{"line":40,"column":2},"end":{"line":40,"column":17}},"17":{"start":{"line":41,"column":2},"end":{"line":41,"column":42}},"18":{"start":{"line":44,"column":0},"end":{"line":47,"column":2}},"19":{"start":{"line":45,"column":2},"end":{"line":45,"column":17}},"20":{"start":{"line":46,"column":2},"end":{"line":46,"column":53}},"21":{"start":{"line":49,"column":0},"end":{"line":52,"column":2}},"22":{"start":{"line":50,"column":2},"end":{"line":50,"column":17}},"23":{"start":{"line":51,"column":2},"end":{"line":51,"column":45}},"24":{"start":{"line":54,"column":0},"end":{"line":57,"column":2}},"25":{"start":{"line":55,"column":2},"end":{"line":55,"column":17}},"26":{"start":{"line":56,"column":2},"end":{"line":56,"column":55}},"27":{"start":{"line":59,"column":0},"end":{"line":62,"column":2}},"28":{"start":{"line":60,"column":2},"end":{"line":60,"column":17}},"29":{"start":{"line":61,"column":2},"end":{"line":61,"column":43}},"30":{"start":{"line":64,"column":0},"end":{"line":67,"column":2}},"31":{"start":{"line":65,"column":2},"end":{"line":65,"column":17}},"32":{"start":{"line":66,"column":2},"end":{"line":66,"column":55}},"33":{"start":{"line":69,"column":0},"end":{"line":72,"column":2}},"34":{"start":{"line":70,"column":2},"end":{"line":70,"column":17}},"35":{"start":{"line":71,"column":2},"end":{"line":71,"column":65}},"36":{"start":{"line":74,"column":0},"end":{"line":77,"column":2}},"37":{"start":{"line":75,"column":2},"end":{"line":75,"column":17}},"38":{"start":{"line":76,"column":2},"end":{"line":76,"column":44}},"39":{"start":{"line":79,"column":0},"end":{"line":83,"column":2}},"40":{"start":{"line":80,"column":2},"end":{"line":80,"column":17}},"41":{"start":{"line":81,"column":2},"end":{"line":81,"column":38}},"42":{"start":{"line":82,"column":2},"end":{"line":82,"column":80}},"43":{"start":{"line":85,"column":0},"end":{"line":88,"column":2}},"44":{"start":{"line":86,"column":2},"end":{"line":86,"column":31}},"45":{"start":{"line":87,"column":2},"end":{"line":87,"column":29}},"46":{"start":{"line":90,"column":0},"end":{"line":92,"column":2}},"47":{"start":{"line":91,"column":2},"end":{"line":91,"column":41}},"48":{"start":{"line":94,"column":0},"end":{"line":98,"column":2}},"49":{"start":{"line":95,"column":2},"end":{"line":97,"column":5}},"50":{"start":{"line":101,"column":0},"end":{"line":112,"column":2}},"51":{"start":{"line":102,"column":2},"end":{"line":102,"column":45}},"52":{"start":{"line":103,"column":2},"end":{"line":103,"column":39}},"53":{"start":{"line":104,"column":2},"end":{"line":104,"column":19}},"54":{"start":{"line":106,"column":2},"end":{"line":110,"column":3}},"55":{"start":{"line":107,"column":4},"end":{"line":108,"column":24}},"56":{"start":{"line":109,"column":4},"end":{"line":109,"column":111}},"57":{"start":{"line":111,"column":2},"end":{"line":111,"column":43}},"58":{"start":{"line":114,"column":0},"end":{"line":118,"column":2}},"59":{"start":{"line":115,"column":2},"end":{"line":115,"column":49}},"60":{"start":{"line":116,"column":2},"end":{"line":116,"column":50}},"61":{"start":{"line":117,"column":2},"end":{"line":117,"column":47}},"62":{"start":{"line":120,"column":0},"end":{"line":122,"column":2}},"63":{"start":{"line":121,"column":2},"end":{"line":121,"column":66}}},"branchMap":{"1":{"line":19,"type":"if","locations":[{"start":{"line":19,"column":2},"end":{"line":19,"column":2}},{"start":{"line":19,"column":2},"end":{"line":19,"column":2}}]},"2":{"line":22,"type":"if","locations":[{"start":{"line":22,"column":2},"end":{"line":22,"column":2}},{"start":{"line":22,"column":2},"end":{"line":22,"column":2}}]},"3":{"line":30,"type":"binary-expr","locations":[{"start":{"line":30,"column":6},"end":{"line":30,"column":7}},{"start":{"line":30,"column":11},"end":{"line":30,"column":16}}]},"4":{"line":35,"type":"binary-expr","locations":[{"start":{"line":35,"column":6},"end":{"line":35,"column":7}},{"start":{"line":35,"column":11},"end":{"line":35,"column":16}}]},"5":{"line":40,"type":"binary-expr","locations":[{"start":{"line":40,"column":6},"end":{"line":40,"column":7}},{"start":{"line":40,"column":11},"end":{"line":40,"column":16}}]},"6":{"line":45,"type":"binary-expr","locations":[{"start":{"line":45,"column":6},"end":{"line":45,"column":7}},{"start":{"line":45,"column":11},"end":{"line":45,"column":16}}]},"7":{"line":50,"type":"binary-expr","locations":[{"start":{"line":50,"column":6},"end":{"line":50,"column":7}},{"start":{"line":50,"column":11},"end":{"line":50,"column":16}}]},"8":{"line":55,"type":"binary-expr","locations":[{"start":{"line":55,"column":6},"end":{"line":55,"column":7}},{"start":{"line":55,"column":11},"end":{"line":55,"column":16}}]},"9":{"line":60,"type":"binary-expr","locations":[{"start":{"line":60,"column":6},"end":{"line":60,"column":7}},{"start":{"line":60,"column":11},"end":{"line":60,"column":16}}]},"10":{"line":65,"type":"binary-expr","locations":[{"start":{"line":65,"column":6},"end":{"line":65,"column":7}},{"start":{"line":65,"column":11},"end":{"line":65,"column":16}}]},"11":{"line":70,"type":"binary-expr","locations":[{"start":{"line":70,"column":6},"end":{"line":70,"column":7}},{"start":{"line":70,"column":11},"end":{"line":70,"column":16}}]},"12":{"line":75,"type":"binary-expr","locations":[{"start":{"line":75,"column":6},"end":{"line":75,"column":7}},{"start":{"line":75,"column":11},"end":{"line":75,"column":16}}]},"13":{"line":80,"type":"binary-expr","locations":[{"start":{"line":80,"column":6},"end":{"line":80,"column":7}},{"start":{"line":80,"column":11},"end":{"line":80,"column":16}}]},"14":{"line":96,"type":"cond-expr","locations":[{"start":{"line":96,"column":30},"end":{"line":96,"column":43}},{"start":{"line":96,"column":46},"end":{"line":96,"column":63}}]},"15":{"line":106,"type":"if","locations":[{"start":{"line":106,"column":2},"end":{"line":106,"column":2}},{"start":{"line":106,"column":2},"end":{"line":106,"column":2}}]}},"code":["var input,","  totalCountries = 243,","  totalDialCodes = 228,","  defaultPreferredCountries = 2,","  // don't call this \"keys\" as it will clash with the plugin","  keyCodes = {","    UP: 38,","    DOWN: 40,","    ENTER: 13,","    ESC: 27,","    SPACE: 32","  };","","var intlSetup = function(utilsScript) {","  // by default put us in desktop mode","  window.innerWidth = 1024;","","  // this should only run the first time","  if (!window.intlTelInputUtilsBackup) {","    window.intlTelInputUtilsBackup = window.intlTelInputUtils;","  }","  if (utilsScript) {","    window.intlTelInputUtils = window.intlTelInputUtilsBackup;","  } else {","    window.intlTelInputUtils = null;","  }","};","","var getInputVal = function(i) {","  i = i || input;","  return i.val();","};","","var getParentElement = function(i) {","  i = i || input;","  return i.parent();","};","","var getListElement = function(i) {","  i = i || input;","  return i.parent().find(\".country-list\");","};","","var getListLength = function(i) {","  i = i || input;","  return getListElement(i).find(\"li.country\").length;","};","","var getActiveListItem = function(i) {","  i = i || input;","  return getListElement(i).find(\"li.active\");","};","","var getPreferredCountriesLength = function(i) {","  i = i || input;","  return getListElement(i).find(\"li.preferred\").length;","};","","var getSelectedFlagContainer = function(i) {","  i = i || input;","  return i.parent().find(\".selected-flag\");","};","","var getSelectedFlagElement = function(i) {","  i = i || input;","  return getSelectedFlagContainer(i).find(\".iti-flag\");","};","","var getSelectedDialCodeElement = function(i) {","  i = i || input;","  return getSelectedFlagContainer(i).find(\".selected-dial-code\");","};","","var getFlagsContainerElement = function(i) {","  i = i || input;","  return i.parent().find(\".flag-container\");","};","","var selectFlag = function(countryCode, i) {","  i = i || input;","  getSelectedFlagContainer(i).click();","  getListElement(i).find(\"li[data-country-code='\" + countryCode + \"']\").click();","};","","var putCursorAtEnd = function() {","  var len = input.val().length;","  selectInputChars(len, len);","};","","var selectInputChars = function(start, end) {","  input[0].setSelectionRange(start, end);","};","","var getKeyEvent = function(key, type) {","  return $.Event(type, {","    which: (key.length > 1) ? keyCodes[key] : key.charCodeAt(0)","  });","};","","// trigger keydown, then keypress, then add the key, then keyup","var triggerKeyOnInput = function(key) {","  input.trigger(getKeyEvent(key, \"keydown\"));","  var e = getKeyEvent(key, \"keypress\");","  input.trigger(e);","  // insert char","  if (!e.isDefaultPrevented()) {","    var domInput = input[0],","      val = input.val();","    input.val(val.substr(0, domInput.selectionStart) + key + val.substring(domInput.selectionEnd, val.length));","  }","  input.trigger(getKeyEvent(key, \"keyup\"));","};","","var triggerKeyOnBody = function(key) {","  $(\"body\").trigger(getKeyEvent(key, \"keydown\"));","  $(\"body\").trigger(getKeyEvent(key, \"keypress\"));","  $(\"body\").trigger(getKeyEvent(key, \"keyup\"));","};","","var triggerKeyOnFlagsContainerElement = function(key) {","  getFlagsContainerElement().trigger(getKeyEvent(key, \"keydown\"));","};",""],"l":{"1":1,"14":1,"16":0,"19":0,"20":0,"22":0,"23":0,"25":0,"29":1,"30":0,"31":0,"34":1,"35":0,"36":0,"39":1,"40":0,"41":0,"44":1,"45":0,"46":0,"49":1,"50":0,"51":0,"54":1,"55":0,"56":0,"59":1,"60":0,"61":0,"64":1,"65":0,"66":0,"69":1,"70":0,"71":0,"74":1,"75":0,"76":0,"79":1,"80":0,"81":0,"82":0,"85":1,"86":0,"87":0,"90":1,"91":0,"94":1,"95":0,"101":1,"102":0,"103":0,"104":0,"106":0,"107":0,"109":0,"111":0,"114":1,"115":0,"116":0,"117":0,"120":1,"121":0}}}